{"/Users/barasall/plateforme-de-suivi-de-l-insertion-de-l-UNCHK/backend/src/index.ts": {"path":"/Users/barasall/plateforme-de-suivi-de-l-insertion-de-l-UNCHK/backend/src/index.ts","statementMap":{"0":{"start":{"line":1,"column":0},"end":{"line":1,"column":67}},"1":{"start":{"line":2,"column":0},"end":{"line":2,"column":24}},"2":{"start":{"line":3,"column":0},"end":{"line":3,"column":28}},"3":{"start":{"line":4,"column":0},"end":{"line":4,"column":28}},"4":{"start":{"line":5,"column":0},"end":{"line":5,"column":43}},"5":{"start":{"line":6,"column":0},"end":{"line":6,"column":28}},"6":{"start":{"line":7,"column":0},"end":{"line":7,"column":24}},"7":{"start":{"line":8,"column":0},"end":{"line":8,"column":34}},"8":{"start":{"line":9,"column":0},"end":{"line":9,"column":44}},"9":{"start":{"line":10,"column":0},"end":{"line":10,"column":50}},"10":{"start":{"line":11,"column":0},"end":{"line":11,"column":53}},"11":{"start":{"line":13,"column":0},"end":{"line":13,"column":16}},"12":{"start":{"line":15,"column":0},"end":{"line":18,"column":1}},"13":{"start":{"line":16,"column":2},"end":{"line":16,"column":57}},"14":{"start":{"line":17,"column":2},"end":{"line":17,"column":18}},"15":{"start":{"line":20,"column":0},"end":{"line":20,"column":46}},"16":{"start":{"line":21,"column":0},"end":{"line":21,"column":50}},"17":{"start":{"line":22,"column":0},"end":{"line":22,"column":62}},"18":{"start":{"line":23,"column":0},"end":{"line":23,"column":50}},"19":{"start":{"line":24,"column":0},"end":{"line":24,"column":64}},"20":{"start":{"line":25,"column":0},"end":{"line":25,"column":48}},"21":{"start":{"line":26,"column":0},"end":{"line":26,"column":60}},"22":{"start":{"line":27,"column":0},"end":{"line":27,"column":50}},"23":{"start":{"line":28,"column":0},"end":{"line":28,"column":58}},"24":{"start":{"line":29,"column":0},"end":{"line":29,"column":76}},"25":{"start":{"line":30,"column":0},"end":{"line":30,"column":58}},"26":{"start":{"line":31,"column":0},"end":{"line":31,"column":60}},"27":{"start":{"line":33,"column":12},"end":{"line":33,"column":21}},"28":{"start":{"line":34,"column":13},"end":{"line":34,"column":37}},"29":{"start":{"line":36,"column":23},"end":{"line":37,"column":32}},"30":{"start":{"line":37,"column":23},"end":{"line":37,"column":31}},"31":{"start":{"line":39,"column":0},"end":{"line":39,"column":18}},"32":{"start":{"line":40,"column":0},"end":{"line":49,"column":4}},"33":{"start":{"line":42,"column":4},"end":{"line":46,"column":5}},"34":{"start":{"line":43,"column":6},"end":{"line":43,"column":27}},"35":{"start":{"line":45,"column":6},"end":{"line":45,"column":57}},"36":{"start":{"line":52,"column":0},"end":{"line":57,"column":1}},"37":{"start":{"line":53,"column":2},"end":{"line":56,"column":5}},"38":{"start":{"line":55,"column":40},"end":{"line":55,"column":63}},"39":{"start":{"line":59,"column":0},"end":{"line":59,"column":24}},"40":{"start":{"line":60,"column":0},"end":{"line":60,"column":48}},"41":{"start":{"line":61,"column":0},"end":{"line":61,"column":72}},"42":{"start":{"line":63,"column":0},"end":{"line":70,"column":3}},"43":{"start":{"line":64,"column":2},"end":{"line":69,"column":5}},"44":{"start":{"line":73,"column":0},"end":{"line":80,"column":1}},"45":{"start":{"line":74,"column":2},"end":{"line":78,"column":6}},"46":{"start":{"line":79,"column":2},"end":{"line":79,"column":66}},"47":{"start":{"line":79,"column":43},"end":{"line":79,"column":64}},"48":{"start":{"line":82,"column":0},"end":{"line":82,"column":42}},"49":{"start":{"line":83,"column":0},"end":{"line":83,"column":44}},"50":{"start":{"line":84,"column":0},"end":{"line":84,"column":50}},"51":{"start":{"line":85,"column":0},"end":{"line":85,"column":44}},"52":{"start":{"line":86,"column":0},"end":{"line":86,"column":51}},"53":{"start":{"line":87,"column":0},"end":{"line":87,"column":43}},"54":{"start":{"line":88,"column":0},"end":{"line":88,"column":49}},"55":{"start":{"line":89,"column":0},"end":{"line":89,"column":44}},"56":{"start":{"line":90,"column":0},"end":{"line":90,"column":55}},"57":{"start":{"line":91,"column":0},"end":{"line":91,"column":64}},"58":{"start":{"line":92,"column":0},"end":{"line":92,"column":45}},"59":{"start":{"line":93,"column":0},"end":{"line":93,"column":56}},"60":{"start":{"line":95,"column":0},"end":{"line":102,"column":3}},"61":{"start":{"line":96,"column":2},"end":{"line":96,"column":116}},"62":{"start":{"line":97,"column":18},"end":{"line":97,"column":53}},"63":{"start":{"line":98,"column":18},"end":{"line":100,"column":17}},"64":{"start":{"line":101,"column":2},"end":{"line":101,"column":55}},"65":{"start":{"line":104,"column":0},"end":{"line":106,"column":3}},"66":{"start":{"line":105,"column":2},"end":{"line":105,"column":52}},"67":{"start":{"line":107,"column":0},"end":{"line":110,"column":3}},"68":{"start":{"line":108,"column":2},"end":{"line":108,"column":83}},"69":{"start":{"line":109,"column":2},"end":{"line":109,"column":18}},"70":{"start":{"line":112,"column":15},"end":{"line":119,"column":2}},"71":{"start":{"line":113,"column":2},"end":{"line":113,"column":62}},"72":{"start":{"line":115,"column":2},"end":{"line":118,"column":3}},"73":{"start":{"line":116,"column":4},"end":{"line":116,"column":21}},"74":{"start":{"line":117,"column":2},"end":{"line":117,"column":20}},"75":{"start":{"line":121,"column":0},"end":{"line":121,"column":44}},"76":{"start":{"line":121,"column":28},"end":{"line":121,"column":42}},"77":{"start":{"line":123,"column":0},"end":{"line":123,"column":19}}},"fnMap":{"0":{"name":"(anonymous_1)","decl":{"start":{"line":37,"column":18},"end":{"line":37,"column":19}},"loc":{"start":{"line":37,"column":23},"end":{"line":37,"column":31}}},"1":{"name":"(anonymous_2)","decl":{"start":{"line":41,"column":10},"end":{"line":41,"column":11}},"loc":{"start":{"line":41,"column":31},"end":{"line":47,"column":3}}},"2":{"name":"(anonymous_3)","decl":{"start":{"line":55,"column":23},"end":{"line":55,"column":24}},"loc":{"start":{"line":55,"column":40},"end":{"line":55,"column":63}}},"3":{"name":"(anonymous_4)","decl":{"start":{"line":63,"column":23},"end":{"line":63,"column":24}},"loc":{"start":{"line":63,"column":37},"end":{"line":70,"column":1}}},"4":{"name":"(anonymous_5)","decl":{"start":{"line":79,"column":28},"end":{"line":79,"column":29}},"loc":{"start":{"line":79,"column":43},"end":{"line":79,"column":64}}},"5":{"name":"(anonymous_6)","decl":{"start":{"line":95,"column":8},"end":{"line":95,"column":9}},"loc":{"start":{"line":95,"column":72},"end":{"line":102,"column":1}}},"6":{"name":"(anonymous_7)","decl":{"start":{"line":104,"column":33},"end":{"line":104,"column":34}},"loc":{"start":{"line":104,"column":44},"end":{"line":106,"column":1}}},"7":{"name":"(anonymous_8)","decl":{"start":{"line":107,"column":32},"end":{"line":107,"column":33}},"loc":{"start":{"line":107,"column":40},"end":{"line":110,"column":1}}},"8":{"name":"(anonymous_9)","decl":{"start":{"line":112,"column":32},"end":{"line":112,"column":35}},"loc":{"start":{"line":112,"column":37},"end":{"line":119,"column":1}}},"9":{"name":"(anonymous_10)","decl":{"start":{"line":121,"column":22},"end":{"line":121,"column":25}},"loc":{"start":{"line":121,"column":28},"end":{"line":121,"column":42}}}},"branchMap":{"0":{"loc":{"start":{"line":15,"column":0},"end":{"line":18,"column":1}},"type":"if","locations":[{"start":{"line":15,"column":0},"end":{"line":18,"column":1}}]},"1":{"loc":{"start":{"line":34,"column":13},"end":{"line":34,"column":37}},"type":"binary-expr","locations":[{"start":{"line":34,"column":13},"end":{"line":34,"column":29}},{"start":{"line":34,"column":33},"end":{"line":34,"column":37}}]},"2":{"loc":{"start":{"line":36,"column":24},"end":{"line":36,"column":106}},"type":"binary-expr","locations":[{"start":{"line":36,"column":24},"end":{"line":36,"column":51}},{"start":{"line":36,"column":55},"end":{"line":36,"column":79}},{"start":{"line":36,"column":83},"end":{"line":36,"column":106}}]},"3":{"loc":{"start":{"line":42,"column":4},"end":{"line":46,"column":5}},"type":"if","locations":[{"start":{"line":42,"column":4},"end":{"line":46,"column":5}},{"start":{"line":44,"column":11},"end":{"line":46,"column":5}}]},"4":{"loc":{"start":{"line":42,"column":8},"end":{"line":42,"column":50}},"type":"binary-expr","locations":[{"start":{"line":42,"column":8},"end":{"line":42,"column":15}},{"start":{"line":42,"column":19},"end":{"line":42,"column":50}}]},"5":{"loc":{"start":{"line":52,"column":0},"end":{"line":57,"column":1}},"type":"if","locations":[{"start":{"line":52,"column":0},"end":{"line":57,"column":1}}]},"6":{"loc":{"start":{"line":73,"column":0},"end":{"line":80,"column":1}},"type":"if","locations":[{"start":{"line":73,"column":0},"end":{"line":80,"column":1}}]},"7":{"loc":{"start":{"line":73,"column":4},"end":{"line":73,"column":79}},"type":"binary-expr","locations":[{"start":{"line":73,"column":4},"end":{"line":73,"column":41}},{"start":{"line":73,"column":45},"end":{"line":73,"column":79}}]},"8":{"loc":{"start":{"line":96,"column":84},"end":{"line":96,"column":112}},"type":"binary-expr","locations":[{"start":{"line":96,"column":84},"end":{"line":96,"column":98}},{"start":{"line":96,"column":102},"end":{"line":96,"column":112}}]},"9":{"loc":{"start":{"line":97,"column":18},"end":{"line":97,"column":53}},"type":"binary-expr","locations":[{"start":{"line":97,"column":18},"end":{"line":97,"column":32}},{"start":{"line":97,"column":36},"end":{"line":97,"column":46}},{"start":{"line":97,"column":50},"end":{"line":97,"column":53}}]},"10":{"loc":{"start":{"line":98,"column":18},"end":{"line":100,"column":17}},"type":"cond-expr","locations":[{"start":{"line":99,"column":6},"end":{"line":99,"column":33}},{"start":{"line":100,"column":6},"end":{"line":100,"column":17}}]},"11":{"loc":{"start":{"line":115,"column":2},"end":{"line":118,"column":3}},"type":"if","locations":[{"start":{"line":115,"column":2},"end":{"line":118,"column":3}}]}},"s":{"0":4,"1":4,"2":4,"3":4,"4":4,"5":4,"6":4,"7":4,"8":4,"9":4,"10":4,"11":4,"12":4,"13":0,"14":0,"15":4,"16":4,"17":4,"18":4,"19":4,"20":4,"21":4,"22":4,"23":4,"24":4,"25":4,"26":4,"27":4,"28":4,"29":4,"30":20,"31":4,"32":4,"33":42,"34":42,"35":0,"36":4,"37":0,"38":0,"39":4,"40":4,"41":4,"42":4,"43":7,"44":4,"45":4,"46":4,"47":0,"48":4,"49":4,"50":4,"51":4,"52":4,"53":4,"54":4,"55":4,"56":4,"57":4,"58":4,"59":4,"60":4,"61":0,"62":0,"63":0,"64":0,"65":4,"66":0,"67":4,"68":0,"69":0,"70":4,"71":4,"72":4,"73":0,"74":0,"75":4,"76":0,"77":4},"f":{"0":20,"1":42,"2":0,"3":7,"4":0,"5":0,"6":0,"7":0,"8":4,"9":0},"b":{"0":[0],"1":[4,0],"2":[4,0,0],"3":[42,0],"4":[42,0],"5":[0],"6":[4],"7":[4,0],"8":[0,0],"9":[0,0,0],"10":[0,0],"11":[0]}}
,"/Users/barasall/plateforme-de-suivi-de-l-insertion-de-l-UNCHK/backend/src/controllers/admin.controller.ts": {"path":"/Users/barasall/plateforme-de-suivi-de-l-insertion-de-l-UNCHK/backend/src/controllers/admin.controller.ts","statementMap":{"0":{"start":{"line":9,"column":0},"end":{"line":9,"column":7}},"1":{"start":{"line":18,"column":0},"end":{"line":18,"column":7}},"2":{"start":{"line":36,"column":0},"end":{"line":36,"column":7}},"3":{"start":{"line":45,"column":0},"end":{"line":45,"column":7}},"4":{"start":{"line":56,"column":0},"end":{"line":56,"column":7}},"5":{"start":{"line":66,"column":0},"end":{"line":66,"column":7}},"6":{"start":{"line":75,"column":0},"end":{"line":75,"column":7}},"7":{"start":{"line":85,"column":0},"end":{"line":85,"column":7}},"8":{"start":{"line":94,"column":0},"end":{"line":94,"column":7}},"9":{"start":{"line":107,"column":0},"end":{"line":107,"column":7}},"10":{"start":{"line":116,"column":0},"end":{"line":116,"column":7}},"11":{"start":{"line":126,"column":0},"end":{"line":126,"column":7}},"12":{"start":{"line":136,"column":0},"end":{"line":136,"column":7}},"13":{"start":{"line":148,"column":0},"end":{"line":148,"column":7}},"14":{"start":{"line":157,"column":0},"end":{"line":157,"column":7}},"15":{"start":{"line":168,"column":0},"end":{"line":168,"column":7}},"16":{"start":{"line":179,"column":0},"end":{"line":179,"column":7}},"17":{"start":{"line":187,"column":0},"end":{"line":187,"column":7}},"18":{"start":{"line":203,"column":0},"end":{"line":203,"column":7}},"19":{"start":{"line":212,"column":0},"end":{"line":212,"column":7}},"20":{"start":{"line":221,"column":0},"end":{"line":221,"column":7}},"21":{"start":{"line":235,"column":0},"end":{"line":235,"column":7}},"22":{"start":{"line":3,"column":0},"end":{"line":3,"column":58}},"23":{"start":{"line":4,"column":0},"end":{"line":4,"column":41}},"24":{"start":{"line":5,"column":0},"end":{"line":5,"column":39}},"25":{"start":{"line":6,"column":0},"end":{"line":6,"column":99}},"26":{"start":{"line":7,"column":0},"end":{"line":7,"column":47}},"27":{"start":{"line":10,"column":2},"end":{"line":15,"column":3}},"28":{"start":{"line":11,"column":18},"end":{"line":11,"column":47}},"29":{"start":{"line":12,"column":4},"end":{"line":12,"column":57}},"30":{"start":{"line":14,"column":4},"end":{"line":14,"column":69}},"31":{"start":{"line":19,"column":2},"end":{"line":33,"column":3}},"32":{"start":{"line":20,"column":83},"end":{"line":20,"column":92}},"33":{"start":{"line":21,"column":20},"end":{"line":28,"column":6}},"34":{"start":{"line":29,"column":18},"end":{"line":29,"column":62}},"35":{"start":{"line":30,"column":4},"end":{"line":30,"column":57}},"36":{"start":{"line":32,"column":4},"end":{"line":32,"column":69}},"37":{"start":{"line":37,"column":2},"end":{"line":42,"column":3}},"38":{"start":{"line":38,"column":24},"end":{"line":38,"column":59}},"39":{"start":{"line":39,"column":4},"end":{"line":39,"column":63}},"40":{"start":{"line":41,"column":4},"end":{"line":41,"column":69}},"41":{"start":{"line":46,"column":2},"end":{"line":53,"column":3}},"42":{"start":{"line":47,"column":19},"end":{"line":47,"column":80}},"43":{"start":{"line":48,"column":4},"end":{"line":48,"column":47}},"44":{"start":{"line":49,"column":4},"end":{"line":49,"column":84}},"45":{"start":{"line":50,"column":4},"end":{"line":50,"column":58}},"46":{"start":{"line":52,"column":4},"end":{"line":52,"column":69}},"47":{"start":{"line":57,"column":2},"end":{"line":63,"column":3}},"48":{"start":{"line":58,"column":19},"end":{"line":58,"column":80}},"49":{"start":{"line":59,"column":4},"end":{"line":59,"column":84}},"50":{"start":{"line":60,"column":4},"end":{"line":60,"column":58}},"51":{"start":{"line":62,"column":4},"end":{"line":62,"column":69}},"52":{"start":{"line":67,"column":2},"end":{"line":72,"column":3}},"53":{"start":{"line":68,"column":25},"end":{"line":68,"column":61}},"54":{"start":{"line":69,"column":4},"end":{"line":69,"column":64}},"55":{"start":{"line":71,"column":4},"end":{"line":71,"column":69}},"56":{"start":{"line":76,"column":2},"end":{"line":82,"column":3}},"57":{"start":{"line":77,"column":19},"end":{"line":77,"column":98}},"58":{"start":{"line":78,"column":4},"end":{"line":78,"column":85}},"59":{"start":{"line":79,"column":4},"end":{"line":79,"column":58}},"60":{"start":{"line":81,"column":4},"end":{"line":81,"column":69}},"61":{"start":{"line":86,"column":2},"end":{"line":91,"column":3}},"62":{"start":{"line":87,"column":19},"end":{"line":87,"column":58}},"63":{"start":{"line":88,"column":4},"end":{"line":88,"column":58}},"64":{"start":{"line":90,"column":4},"end":{"line":90,"column":69}},"65":{"start":{"line":95,"column":2},"end":{"line":102,"column":3}},"66":{"start":{"line":96,"column":19},"end":{"line":96,"column":75}},"67":{"start":{"line":97,"column":4},"end":{"line":97,"column":97}},"68":{"start":{"line":98,"column":4},"end":{"line":98,"column":74}},"69":{"start":{"line":99,"column":4},"end":{"line":99,"column":58}},"70":{"start":{"line":101,"column":4},"end":{"line":101,"column":69}},"71":{"start":{"line":108,"column":2},"end":{"line":113,"column":3}},"72":{"start":{"line":109,"column":19},"end":{"line":109,"column":55}},"73":{"start":{"line":110,"column":4},"end":{"line":110,"column":58}},"74":{"start":{"line":112,"column":4},"end":{"line":112,"column":69}},"75":{"start":{"line":117,"column":2},"end":{"line":123,"column":3}},"76":{"start":{"line":118,"column":19},"end":{"line":118,"column":64}},"77":{"start":{"line":119,"column":4},"end":{"line":119,"column":79}},"78":{"start":{"line":120,"column":4},"end":{"line":120,"column":58}},"79":{"start":{"line":122,"column":4},"end":{"line":122,"column":69}},"80":{"start":{"line":127,"column":2},"end":{"line":133,"column":3}},"81":{"start":{"line":128,"column":19},"end":{"line":128,"column":92}},"82":{"start":{"line":129,"column":4},"end":{"line":129,"column":87}},"83":{"start":{"line":130,"column":4},"end":{"line":130,"column":58}},"84":{"start":{"line":132,"column":4},"end":{"line":132,"column":69}},"85":{"start":{"line":137,"column":2},"end":{"line":143,"column":3}},"86":{"start":{"line":138,"column":19},"end":{"line":138,"column":83}},"87":{"start":{"line":139,"column":4},"end":{"line":139,"column":88}},"88":{"start":{"line":140,"column":4},"end":{"line":140,"column":58}},"89":{"start":{"line":142,"column":4},"end":{"line":142,"column":69}},"90":{"start":{"line":149,"column":2},"end":{"line":154,"column":3}},"91":{"start":{"line":150,"column":19},"end":{"line":150,"column":55}},"92":{"start":{"line":151,"column":4},"end":{"line":151,"column":58}},"93":{"start":{"line":153,"column":4},"end":{"line":153,"column":69}},"94":{"start":{"line":158,"column":2},"end":{"line":165,"column":3}},"95":{"start":{"line":159,"column":42},"end":{"line":159,"column":50}},"96":{"start":{"line":160,"column":19},"end":{"line":160,"column":84}},"97":{"start":{"line":161,"column":4},"end":{"line":161,"column":103}},"98":{"start":{"line":162,"column":4},"end":{"line":162,"column":58}},"99":{"start":{"line":164,"column":4},"end":{"line":164,"column":69}},"100":{"start":{"line":169,"column":2},"end":{"line":176,"column":3}},"101":{"start":{"line":170,"column":42},"end":{"line":170,"column":52}},"102":{"start":{"line":171,"column":19},"end":{"line":171,"column":105}},"103":{"start":{"line":172,"column":4},"end":{"line":172,"column":104}},"104":{"start":{"line":173,"column":4},"end":{"line":173,"column":58}},"105":{"start":{"line":175,"column":4},"end":{"line":175,"column":69}},"106":{"start":{"line":180,"column":2},"end":{"line":185,"column":3}},"107":{"start":{"line":181,"column":19},"end":{"line":181,"column":67}},"108":{"start":{"line":182,"column":4},"end":{"line":182,"column":58}},"109":{"start":{"line":184,"column":4},"end":{"line":184,"column":69}},"110":{"start":{"line":188,"column":2},"end":{"line":200,"column":3}},"111":{"start":{"line":189,"column":15},"end":{"line":189,"column":36}},"112":{"start":{"line":190,"column":17},"end":{"line":190,"column":71}},"113":{"start":{"line":191,"column":4},"end":{"line":191,"column":103}},"114":{"start":{"line":191,"column":17},"end":{"line":191,"column":93}},"115":{"start":{"line":191,"column":94},"end":{"line":191,"column":101}},"116":{"start":{"line":192,"column":4},"end":{"line":192,"column":149}},"117":{"start":{"line":192,"column":47},"end":{"line":192,"column":139}},"118":{"start":{"line":192,"column":140},"end":{"line":192,"column":147}},"119":{"start":{"line":193,"column":20},"end":{"line":196,"column":6}},"120":{"start":{"line":197,"column":4},"end":{"line":197,"column":142}},"121":{"start":{"line":199,"column":4},"end":{"line":199,"column":69}},"122":{"start":{"line":204,"column":2},"end":{"line":209,"column":3}},"123":{"start":{"line":205,"column":26},"end":{"line":205,"column":52}},"124":{"start":{"line":206,"column":4},"end":{"line":206,"column":82}},"125":{"start":{"line":208,"column":4},"end":{"line":208,"column":69}},"126":{"start":{"line":213,"column":2},"end":{"line":218,"column":3}},"127":{"start":{"line":214,"column":19},"end":{"line":214,"column":47}},"128":{"start":{"line":215,"column":4},"end":{"line":215,"column":98}},"129":{"start":{"line":217,"column":4},"end":{"line":217,"column":69}},"130":{"start":{"line":222,"column":2},"end":{"line":232,"column":3}},"131":{"start":{"line":223,"column":15},"end":{"line":223,"column":38}},"132":{"start":{"line":224,"column":22},"end":{"line":224,"column":30}},"133":{"start":{"line":225,"column":19},"end":{"line":228,"column":6}},"134":{"start":{"line":229,"column":4},"end":{"line":229,"column":94}},"135":{"start":{"line":231,"column":4},"end":{"line":231,"column":69}},"136":{"start":{"line":236,"column":2},"end":{"line":246,"column":3}},"137":{"start":{"line":237,"column":15},"end":{"line":237,"column":38}},"138":{"start":{"line":238,"column":19},"end":{"line":241,"column":6}},"139":{"start":{"line":242,"column":4},"end":{"line":242,"column":47}},"140":{"start":{"line":243,"column":4},"end":{"line":243,"column":78}},"141":{"start":{"line":245,"column":4},"end":{"line":245,"column":69}}},"fnMap":{"0":{"name":"getStats","decl":{"start":{"line":9,"column":22},"end":{"line":9,"column":30}},"loc":{"start":{"line":9,"column":62},"end":{"line":16,"column":1}}},"1":{"name":"getStatsAvancees","decl":{"start":{"line":18,"column":22},"end":{"line":18,"column":38}},"loc":{"start":{"line":18,"column":70},"end":{"line":34,"column":1}}},"2":{"name":"getEntreprises","decl":{"start":{"line":36,"column":22},"end":{"line":36,"column":36}},"loc":{"start":{"line":36,"column":68},"end":{"line":43,"column":1}}},"3":{"name":"validerEntreprise","decl":{"start":{"line":45,"column":22},"end":{"line":45,"column":39}},"loc":{"start":{"line":45,"column":71},"end":{"line":54,"column":1}}},"4":{"name":"rejeterEntreprise","decl":{"start":{"line":56,"column":22},"end":{"line":56,"column":39}},"loc":{"start":{"line":56,"column":71},"end":{"line":64,"column":1}}},"5":{"name":"getUtilisateurs","decl":{"start":{"line":66,"column":22},"end":{"line":66,"column":37}},"loc":{"start":{"line":66,"column":69},"end":{"line":73,"column":1}}},"6":{"name":"toggleUtilisateur","decl":{"start":{"line":75,"column":22},"end":{"line":75,"column":39}},"loc":{"start":{"line":75,"column":71},"end":{"line":83,"column":1}}},"7":{"name":"getOffresEnAttente","decl":{"start":{"line":85,"column":22},"end":{"line":85,"column":40}},"loc":{"start":{"line":85,"column":72},"end":{"line":92,"column":1}}},"8":{"name":"validerOffre","decl":{"start":{"line":94,"column":22},"end":{"line":94,"column":34}},"loc":{"start":{"line":94,"column":66},"end":{"line":103,"column":1}}},"9":{"name":"getSuperviseurs","decl":{"start":{"line":107,"column":22},"end":{"line":107,"column":37}},"loc":{"start":{"line":107,"column":69},"end":{"line":114,"column":1}}},"10":{"name":"creerSuperviseur","decl":{"start":{"line":116,"column":22},"end":{"line":116,"column":38}},"loc":{"start":{"line":116,"column":70},"end":{"line":124,"column":1}}},"11":{"name":"modifierSuperviseur","decl":{"start":{"line":126,"column":22},"end":{"line":126,"column":41}},"loc":{"start":{"line":126,"column":73},"end":{"line":134,"column":1}}},"12":{"name":"supprimerSuperviseur","decl":{"start":{"line":136,"column":22},"end":{"line":136,"column":42}},"loc":{"start":{"line":136,"column":74},"end":{"line":144,"column":1}}},"13":{"name":"getSupervisions","decl":{"start":{"line":148,"column":22},"end":{"line":148,"column":37}},"loc":{"start":{"line":148,"column":69},"end":{"line":155,"column":1}}},"14":{"name":"assignerSupervision","decl":{"start":{"line":157,"column":22},"end":{"line":157,"column":41}},"loc":{"start":{"line":157,"column":73},"end":{"line":166,"column":1}}},"15":{"name":"supprimerSupervision","decl":{"start":{"line":168,"column":22},"end":{"line":168,"column":42}},"loc":{"start":{"line":168,"column":74},"end":{"line":177,"column":1}}},"16":{"name":"getEtudiantsSansSupervision","decl":{"start":{"line":179,"column":22},"end":{"line":179,"column":49}},"loc":{"start":{"line":179,"column":81},"end":{"line":186,"column":1}}},"17":{"name":"marquerDiplome","decl":{"start":{"line":187,"column":22},"end":{"line":187,"column":36}},"loc":{"start":{"line":187,"column":68},"end":{"line":201,"column":1}}},"18":{"name":"getNonRepondants","decl":{"start":{"line":203,"column":22},"end":{"line":203,"column":38}},"loc":{"start":{"line":203,"column":70},"end":{"line":210,"column":1}}},"19":{"name":"relancerDiplomes","decl":{"start":{"line":212,"column":22},"end":{"line":212,"column":38}},"loc":{"start":{"line":212,"column":70},"end":{"line":219,"column":1}}},"20":{"name":"signalerStatut","decl":{"start":{"line":221,"column":22},"end":{"line":221,"column":36}},"loc":{"start":{"line":221,"column":68},"end":{"line":233,"column":1}}},"21":{"name":"validerStatut","decl":{"start":{"line":235,"column":22},"end":{"line":235,"column":35}},"loc":{"start":{"line":235,"column":67},"end":{"line":247,"column":1}}}},"branchMap":{"0":{"loc":{"start":{"line":27,"column":22},"end":{"line":27,"column":71}},"type":"cond-expr","locations":[{"start":{"line":27,"column":30},"end":{"line":27,"column":59}},{"start":{"line":27,"column":62},"end":{"line":27,"column":71}}]},"1":{"loc":{"start":{"line":191,"column":4},"end":{"line":191,"column":103}},"type":"if","locations":[{"start":{"line":191,"column":4},"end":{"line":191,"column":103}}]},"2":{"loc":{"start":{"line":192,"column":4},"end":{"line":192,"column":149}},"type":"if","locations":[{"start":{"line":192,"column":4},"end":{"line":192,"column":149}}]}},"s":{"0":4,"1":4,"2":4,"3":4,"4":4,"5":4,"6":4,"7":4,"8":4,"9":4,"10":4,"11":4,"12":4,"13":4,"14":4,"15":4,"16":4,"17":4,"18":4,"19":4,"20":4,"21":4,"22":4,"23":4,"24":4,"25":4,"26":4,"27":2,"28":2,"29":2,"30":0,"31":0,"32":0,"33":0,"34":0,"35":0,"36":0,"37":1,"38":1,"39":1,"40":0,"41":3,"42":3,"43":1,"44":1,"45":1,"46":2,"47":0,"48":0,"49":0,"50":0,"51":0,"52":0,"53":0,"54":0,"55":0,"56":2,"57":2,"58":1,"59":1,"60":1,"61":0,"62":0,"63":0,"64":0,"65":0,"66":0,"67":0,"68":0,"69":0,"70":0,"71":1,"72":1,"73":1,"74":0,"75":0,"76":0,"77":0,"78":0,"79":0,"80":0,"81":0,"82":0,"83":0,"84":0,"85":0,"86":0,"87":0,"88":0,"89":0,"90":0,"91":0,"92":0,"93":0,"94":0,"95":0,"96":0,"97":0,"98":0,"99":0,"100":0,"101":0,"102":0,"103":0,"104":0,"105":0,"106":0,"107":0,"108":0,"109":0,"110":0,"111":0,"112":0,"113":0,"114":0,"115":0,"116":0,"117":0,"118":0,"119":0,"120":0,"121":0,"122":0,"123":0,"124":0,"125":0,"126":0,"127":0,"128":0,"129":0,"130":0,"131":0,"132":0,"133":0,"134":0,"135":0,"136":0,"137":0,"138":0,"139":0,"140":0,"141":0},"f":{"0":2,"1":0,"2":1,"3":3,"4":0,"5":0,"6":2,"7":0,"8":0,"9":1,"10":0,"11":0,"12":0,"13":0,"14":0,"15":0,"16":0,"17":0,"18":0,"19":0,"20":0,"21":0},"b":{"0":[0,0],"1":[0],"2":[0]}}
,"/Users/barasall/plateforme-de-suivi-de-l-insertion-de-l-UNCHK/backend/src/controllers/auth.controller.ts": {"path":"/Users/barasall/plateforme-de-suivi-de-l-insertion-de-l-UNCHK/backend/src/controllers/auth.controller.ts","statementMap":{"0":{"start":{"line":29,"column":0},"end":{"line":29,"column":7}},"1":{"start":{"line":45,"column":0},"end":{"line":45,"column":7}},"2":{"start":{"line":61,"column":0},"end":{"line":61,"column":7}},"3":{"start":{"line":75,"column":0},"end":{"line":75,"column":7}},"4":{"start":{"line":87,"column":0},"end":{"line":87,"column":7}},"5":{"start":{"line":2,"column":0},"end":{"line":2,"column":24}},"6":{"start":{"line":3,"column":0},"end":{"line":3,"column":56}},"7":{"start":{"line":6,"column":23},"end":{"line":22,"column":2}},"8":{"start":{"line":24,"column":20},"end":{"line":27,"column":2}},"9":{"start":{"line":30,"column":21},"end":{"line":30,"column":55}},"10":{"start":{"line":31,"column":2},"end":{"line":36,"column":3}},"11":{"start":{"line":32,"column":24},"end":{"line":32,"column":62}},"12":{"start":{"line":33,"column":23},"end":{"line":33,"column":82}},"13":{"start":{"line":34,"column":4},"end":{"line":34,"column":87}},"14":{"start":{"line":35,"column":4},"end":{"line":35,"column":11}},"15":{"start":{"line":37,"column":2},"end":{"line":42,"column":3}},"16":{"start":{"line":38,"column":19},"end":{"line":38,"column":69}},"17":{"start":{"line":39,"column":4},"end":{"line":39,"column":58}},"18":{"start":{"line":41,"column":4},"end":{"line":41,"column":69}},"19":{"start":{"line":46,"column":21},"end":{"line":46,"column":52}},"20":{"start":{"line":47,"column":2},"end":{"line":52,"column":3}},"21":{"start":{"line":48,"column":24},"end":{"line":48,"column":62}},"22":{"start":{"line":49,"column":23},"end":{"line":49,"column":82}},"23":{"start":{"line":50,"column":4},"end":{"line":50,"column":87}},"24":{"start":{"line":51,"column":4},"end":{"line":51,"column":11}},"25":{"start":{"line":53,"column":2},"end":{"line":58,"column":3}},"26":{"start":{"line":54,"column":19},"end":{"line":54,"column":59}},"27":{"start":{"line":55,"column":4},"end":{"line":55,"column":58}},"28":{"start":{"line":57,"column":4},"end":{"line":57,"column":69}},"29":{"start":{"line":62,"column":2},"end":{"line":72,"column":3}},"30":{"start":{"line":63,"column":29},"end":{"line":63,"column":37}},"31":{"start":{"line":64,"column":4},"end":{"line":67,"column":5}},"32":{"start":{"line":65,"column":6},"end":{"line":65,"column":82}},"33":{"start":{"line":66,"column":6},"end":{"line":66,"column":13}},"34":{"start":{"line":68,"column":19},"end":{"line":68,"column":63}},"35":{"start":{"line":69,"column":4},"end":{"line":69,"column":58}},"36":{"start":{"line":71,"column":4},"end":{"line":71,"column":69}},"37":{"start":{"line":76,"column":2},"end":{"line":84,"column":3}},"38":{"start":{"line":77,"column":29},"end":{"line":77,"column":37}},"39":{"start":{"line":78,"column":4},"end":{"line":80,"column":5}},"40":{"start":{"line":79,"column":6},"end":{"line":79,"column":62}},"41":{"start":{"line":81,"column":4},"end":{"line":81,"column":76}},"42":{"start":{"line":83,"column":4},"end":{"line":83,"column":76}},"43":{"start":{"line":88,"column":2},"end":{"line":88,"column":58}}},"fnMap":{"0":{"name":"register","decl":{"start":{"line":29,"column":22},"end":{"line":29,"column":30}},"loc":{"start":{"line":29,"column":58},"end":{"line":43,"column":1}}},"1":{"name":"login","decl":{"start":{"line":45,"column":22},"end":{"line":45,"column":27}},"loc":{"start":{"line":45,"column":55},"end":{"line":59,"column":1}}},"2":{"name":"refresh","decl":{"start":{"line":61,"column":22},"end":{"line":61,"column":29}},"loc":{"start":{"line":61,"column":57},"end":{"line":73,"column":1}}},"3":{"name":"logout","decl":{"start":{"line":75,"column":22},"end":{"line":75,"column":28}},"loc":{"start":{"line":75,"column":60},"end":{"line":85,"column":1}}},"4":{"name":"me","decl":{"start":{"line":87,"column":22},"end":{"line":87,"column":24}},"loc":{"start":{"line":87,"column":56},"end":{"line":89,"column":1}}}},"branchMap":{"0":{"loc":{"start":{"line":31,"column":2},"end":{"line":36,"column":3}},"type":"if","locations":[{"start":{"line":31,"column":2},"end":{"line":36,"column":3}}]},"1":{"loc":{"start":{"line":33,"column":23},"end":{"line":33,"column":82}},"type":"binary-expr","locations":[{"start":{"line":33,"column":23},"end":{"line":33,"column":59}},{"start":{"line":33,"column":63},"end":{"line":33,"column":82}}]},"2":{"loc":{"start":{"line":47,"column":2},"end":{"line":52,"column":3}},"type":"if","locations":[{"start":{"line":47,"column":2},"end":{"line":52,"column":3}}]},"3":{"loc":{"start":{"line":49,"column":23},"end":{"line":49,"column":82}},"type":"binary-expr","locations":[{"start":{"line":49,"column":23},"end":{"line":49,"column":59}},{"start":{"line":49,"column":63},"end":{"line":49,"column":82}}]},"4":{"loc":{"start":{"line":64,"column":4},"end":{"line":67,"column":5}},"type":"if","locations":[{"start":{"line":64,"column":4},"end":{"line":67,"column":5}}]},"5":{"loc":{"start":{"line":78,"column":4},"end":{"line":80,"column":5}},"type":"if","locations":[{"start":{"line":78,"column":4},"end":{"line":80,"column":5}}]},"6":{"loc":{"start":{"line":78,"column":8},"end":{"line":78,"column":32}},"type":"binary-expr","locations":[{"start":{"line":78,"column":8},"end":{"line":78,"column":20}},{"start":{"line":78,"column":24},"end":{"line":78,"column":32}}]}},"s":{"0":4,"1":4,"2":4,"3":4,"4":4,"5":4,"6":4,"7":4,"8":4,"9":5,"10":5,"11":5,"12":5,"13":5,"14":5,"15":0,"16":0,"17":0,"18":0,"19":3,"20":3,"21":3,"22":3,"23":3,"24":3,"25":0,"26":0,"27":0,"28":0,"29":0,"30":0,"31":0,"32":0,"33":0,"34":0,"35":0,"36":0,"37":0,"38":0,"39":0,"40":0,"41":0,"42":0,"43":0},"f":{"0":5,"1":3,"2":0,"3":0,"4":0},"b":{"0":[5],"1":[5,0],"2":[3],"3":[3,0],"4":[0],"5":[0],"6":[0,0]}}
,"/Users/barasall/plateforme-de-suivi-de-l-insertion-de-l-UNCHK/backend/src/controllers/candidatures.controller.ts": {"path":"/Users/barasall/plateforme-de-suivi-de-l-insertion-de-l-UNCHK/backend/src/controllers/candidatures.controller.ts","statementMap":{"0":{"start":{"line":13,"column":0},"end":{"line":13,"column":7}},"1":{"start":{"line":23,"column":0},"end":{"line":23,"column":7}},"2":{"start":{"line":33,"column":0},"end":{"line":33,"column":7}},"3":{"start":{"line":42,"column":0},"end":{"line":42,"column":7}},"4":{"start":{"line":51,"column":0},"end":{"line":51,"column":7}},"5":{"start":{"line":60,"column":0},"end":{"line":60,"column":7}},"6":{"start":{"line":70,"column":0},"end":{"line":70,"column":7}},"7":{"start":{"line":3,"column":0},"end":{"line":3,"column":72}},"8":{"start":{"line":4,"column":0},"end":{"line":4,"column":39}},"9":{"start":{"line":8,"column":19},"end":{"line":8,"column":94}},"10":{"start":{"line":9,"column":2},"end":{"line":9,"column":64}},"11":{"start":{"line":9,"column":17},"end":{"line":9,"column":64}},"12":{"start":{"line":10,"column":2},"end":{"line":10,"column":21}},"13":{"start":{"line":14,"column":2},"end":{"line":20,"column":3}},"14":{"start":{"line":15,"column":23},"end":{"line":15,"column":64}},"15":{"start":{"line":16,"column":19},"end":{"line":16,"column":75}},"16":{"start":{"line":17,"column":4},"end":{"line":17,"column":58}},"17":{"start":{"line":19,"column":4},"end":{"line":19,"column":69}},"18":{"start":{"line":24,"column":2},"end":{"line":30,"column":3}},"19":{"start":{"line":25,"column":23},"end":{"line":25,"column":64}},"20":{"start":{"line":26,"column":19},"end":{"line":26,"column":75}},"21":{"start":{"line":27,"column":4},"end":{"line":27,"column":58}},"22":{"start":{"line":29,"column":4},"end":{"line":29,"column":69}},"23":{"start":{"line":34,"column":2},"end":{"line":39,"column":3}},"24":{"start":{"line":35,"column":19},"end":{"line":35,"column":113}},"25":{"start":{"line":36,"column":4},"end":{"line":36,"column":58}},"26":{"start":{"line":38,"column":4},"end":{"line":38,"column":69}},"27":{"start":{"line":43,"column":2},"end":{"line":48,"column":3}},"28":{"start":{"line":44,"column":19},"end":{"line":44,"column":91}},"29":{"start":{"line":45,"column":4},"end":{"line":45,"column":58}},"30":{"start":{"line":47,"column":4},"end":{"line":47,"column":69}},"31":{"start":{"line":52,"column":2},"end":{"line":57,"column":3}},"32":{"start":{"line":53,"column":19},"end":{"line":53,"column":111}},"33":{"start":{"line":54,"column":4},"end":{"line":54,"column":58}},"34":{"start":{"line":56,"column":4},"end":{"line":56,"column":69}},"35":{"start":{"line":61,"column":2},"end":{"line":67,"column":3}},"36":{"start":{"line":62,"column":23},"end":{"line":62,"column":64}},"37":{"start":{"line":63,"column":19},"end":{"line":63,"column":100}},"38":{"start":{"line":64,"column":4},"end":{"line":64,"column":58}},"39":{"start":{"line":66,"column":4},"end":{"line":66,"column":69}},"40":{"start":{"line":71,"column":2},"end":{"line":76,"column":3}},"41":{"start":{"line":72,"column":19},"end":{"line":72,"column":105}},"42":{"start":{"line":73,"column":4},"end":{"line":73,"column":58}},"43":{"start":{"line":75,"column":4},"end":{"line":75,"column":69}}},"fnMap":{"0":{"name":"resolveEtudiantId","decl":{"start":{"line":7,"column":15},"end":{"line":7,"column":32}},"loc":{"start":{"line":7,"column":47},"end":{"line":11,"column":1}}},"1":{"name":"postuler","decl":{"start":{"line":13,"column":22},"end":{"line":13,"column":30}},"loc":{"start":{"line":13,"column":62},"end":{"line":21,"column":1}}},"2":{"name":"getMesCandidatures","decl":{"start":{"line":23,"column":22},"end":{"line":23,"column":40}},"loc":{"start":{"line":23,"column":72},"end":{"line":31,"column":1}}},"3":{"name":"getCandidaturesOffre","decl":{"start":{"line":33,"column":22},"end":{"line":33,"column":42}},"loc":{"start":{"line":33,"column":74},"end":{"line":40,"column":1}}},"4":{"name":"getToutesCandidatures","decl":{"start":{"line":42,"column":22},"end":{"line":42,"column":43}},"loc":{"start":{"line":42,"column":75},"end":{"line":49,"column":1}}},"5":{"name":"changerStatut","decl":{"start":{"line":51,"column":22},"end":{"line":51,"column":35}},"loc":{"start":{"line":51,"column":67},"end":{"line":58,"column":1}}},"6":{"name":"retirerCandidature","decl":{"start":{"line":60,"column":22},"end":{"line":60,"column":40}},"loc":{"start":{"line":60,"column":72},"end":{"line":68,"column":1}}},"7":{"name":"getProfilCandidat","decl":{"start":{"line":70,"column":22},"end":{"line":70,"column":39}},"loc":{"start":{"line":70,"column":71},"end":{"line":77,"column":1}}}},"branchMap":{"0":{"loc":{"start":{"line":9,"column":2},"end":{"line":9,"column":64}},"type":"if","locations":[{"start":{"line":9,"column":2},"end":{"line":9,"column":64}}]}},"s":{"0":4,"1":4,"2":4,"3":4,"4":4,"5":4,"6":4,"7":4,"8":4,"9":0,"10":0,"11":0,"12":0,"13":0,"14":0,"15":0,"16":0,"17":0,"18":0,"19":0,"20":0,"21":0,"22":0,"23":0,"24":0,"25":0,"26":0,"27":0,"28":0,"29":0,"30":0,"31":0,"32":0,"33":0,"34":0,"35":0,"36":0,"37":0,"38":0,"39":0,"40":0,"41":0,"42":0,"43":0},"f":{"0":0,"1":0,"2":0,"3":0,"4":0,"5":0,"6":0,"7":0},"b":{"0":[0]}}
,"/Users/barasall/plateforme-de-suivi-de-l-insertion-de-l-UNCHK/backend/src/controllers/competences.controller.ts": {"path":"/Users/barasall/plateforme-de-suivi-de-l-insertion-de-l-UNCHK/backend/src/controllers/competences.controller.ts","statementMap":{"0":{"start":{"line":5,"column":0},"end":{"line":5,"column":7}},"1":{"start":{"line":14,"column":0},"end":{"line":14,"column":7}},"2":{"start":{"line":23,"column":0},"end":{"line":23,"column":7}},"3":{"start":{"line":32,"column":0},"end":{"line":32,"column":7}},"4":{"start":{"line":41,"column":0},"end":{"line":41,"column":7}},"5":{"start":{"line":54,"column":0},"end":{"line":54,"column":7}},"6":{"start":{"line":3,"column":0},"end":{"line":3,"column":59}},"7":{"start":{"line":6,"column":2},"end":{"line":11,"column":3}},"8":{"start":{"line":7,"column":19},"end":{"line":7,"column":52}},"9":{"start":{"line":8,"column":4},"end":{"line":8,"column":58}},"10":{"start":{"line":10,"column":4},"end":{"line":10,"column":69}},"11":{"start":{"line":15,"column":2},"end":{"line":20,"column":3}},"12":{"start":{"line":16,"column":19},"end":{"line":16,"column":59}},"13":{"start":{"line":17,"column":4},"end":{"line":17,"column":58}},"14":{"start":{"line":19,"column":4},"end":{"line":19,"column":69}},"15":{"start":{"line":24,"column":2},"end":{"line":29,"column":3}},"16":{"start":{"line":25,"column":19},"end":{"line":25,"column":68}},"17":{"start":{"line":26,"column":4},"end":{"line":26,"column":58}},"18":{"start":{"line":28,"column":4},"end":{"line":28,"column":69}},"19":{"start":{"line":33,"column":2},"end":{"line":38,"column":3}},"20":{"start":{"line":34,"column":19},"end":{"line":34,"column":78}},"21":{"start":{"line":35,"column":4},"end":{"line":35,"column":58}},"22":{"start":{"line":37,"column":4},"end":{"line":37,"column":69}},"23":{"start":{"line":42,"column":2},"end":{"line":51,"column":3}},"24":{"start":{"line":43,"column":19},"end":{"line":46,"column":null}},"25":{"start":{"line":48,"column":4},"end":{"line":48,"column":58}},"26":{"start":{"line":50,"column":4},"end":{"line":50,"column":69}},"27":{"start":{"line":55,"column":2},"end":{"line":63,"column":3}},"28":{"start":{"line":56,"column":19},"end":{"line":58,"column":null}},"29":{"start":{"line":60,"column":4},"end":{"line":60,"column":58}},"30":{"start":{"line":62,"column":4},"end":{"line":62,"column":69}}},"fnMap":{"0":{"name":"getAllCompetences","decl":{"start":{"line":5,"column":22},"end":{"line":5,"column":39}},"loc":{"start":{"line":5,"column":71},"end":{"line":12,"column":1}}},"1":{"name":"createCompetence","decl":{"start":{"line":14,"column":22},"end":{"line":14,"column":38}},"loc":{"start":{"line":14,"column":70},"end":{"line":21,"column":1}}},"2":{"name":"getMesCompetences","decl":{"start":{"line":23,"column":22},"end":{"line":23,"column":39}},"loc":{"start":{"line":23,"column":71},"end":{"line":30,"column":1}}},"3":{"name":"ajouterCompetence","decl":{"start":{"line":32,"column":22},"end":{"line":32,"column":39}},"loc":{"start":{"line":32,"column":71},"end":{"line":39,"column":1}}},"4":{"name":"modifierNiveau","decl":{"start":{"line":41,"column":22},"end":{"line":41,"column":36}},"loc":{"start":{"line":41,"column":68},"end":{"line":52,"column":1}}},"5":{"name":"supprimerCompetence","decl":{"start":{"line":54,"column":22},"end":{"line":54,"column":41}},"loc":{"start":{"line":54,"column":73},"end":{"line":64,"column":1}}}},"branchMap":{},"s":{"0":4,"1":4,"2":4,"3":4,"4":4,"5":4,"6":4,"7":0,"8":0,"9":0,"10":0,"11":0,"12":0,"13":0,"14":0,"15":0,"16":0,"17":0,"18":0,"19":0,"20":0,"21":0,"22":0,"23":0,"24":0,"25":0,"26":0,"27":0,"28":0,"29":0,"30":0},"f":{"0":0,"1":0,"2":0,"3":0,"4":0,"5":0},"b":{}}
,"/Users/barasall/plateforme-de-suivi-de-l-insertion-de-l-UNCHK/backend/src/controllers/messagerie.controller.ts": {"path":"/Users/barasall/plateforme-de-suivi-de-l-insertion-de-l-UNCHK/backend/src/controllers/messagerie.controller.ts","statementMap":{"0":{"start":{"line":5,"column":0},"end":{"line":5,"column":7}},"1":{"start":{"line":15,"column":0},"end":{"line":15,"column":7}},"2":{"start":{"line":24,"column":0},"end":{"line":24,"column":7}},"3":{"start":{"line":36,"column":0},"end":{"line":36,"column":7}},"4":{"start":{"line":49,"column":0},"end":{"line":49,"column":7}},"5":{"start":{"line":3,"column":0},"end":{"line":3,"column":68}},"6":{"start":{"line":6,"column":2},"end":{"line":12,"column":3}},"7":{"start":{"line":7,"column":41},"end":{"line":7,"column":49}},"8":{"start":{"line":8,"column":19},"end":{"line":8,"column":91}},"9":{"start":{"line":9,"column":4},"end":{"line":9,"column":58}},"10":{"start":{"line":11,"column":4},"end":{"line":11,"column":69}},"11":{"start":{"line":16,"column":2},"end":{"line":21,"column":3}},"12":{"start":{"line":17,"column":19},"end":{"line":17,"column":96}},"13":{"start":{"line":18,"column":4},"end":{"line":18,"column":58}},"14":{"start":{"line":20,"column":4},"end":{"line":20,"column":69}},"15":{"start":{"line":25,"column":2},"end":{"line":33,"column":3}},"16":{"start":{"line":26,"column":19},"end":{"line":28,"column":null}},"17":{"start":{"line":30,"column":4},"end":{"line":30,"column":58}},"18":{"start":{"line":32,"column":4},"end":{"line":32,"column":69}},"19":{"start":{"line":37,"column":2},"end":{"line":46,"column":3}},"20":{"start":{"line":38,"column":19},"end":{"line":41,"column":null}},"21":{"start":{"line":43,"column":4},"end":{"line":43,"column":58}},"22":{"start":{"line":45,"column":4},"end":{"line":45,"column":69}},"23":{"start":{"line":50,"column":2},"end":{"line":55,"column":3}},"24":{"start":{"line":51,"column":18},"end":{"line":51,"column":78}},"25":{"start":{"line":52,"column":4},"end":{"line":52,"column":61}},"26":{"start":{"line":54,"column":4},"end":{"line":54,"column":69}}},"fnMap":{"0":{"name":"getOuCreerConversation","decl":{"start":{"line":5,"column":22},"end":{"line":5,"column":44}},"loc":{"start":{"line":5,"column":76},"end":{"line":13,"column":1}}},"1":{"name":"getMesConversations","decl":{"start":{"line":15,"column":22},"end":{"line":15,"column":41}},"loc":{"start":{"line":15,"column":73},"end":{"line":22,"column":1}}},"2":{"name":"getMessages","decl":{"start":{"line":24,"column":22},"end":{"line":24,"column":33}},"loc":{"start":{"line":24,"column":65},"end":{"line":34,"column":1}}},"3":{"name":"envoyerMessage","decl":{"start":{"line":36,"column":22},"end":{"line":36,"column":36}},"loc":{"start":{"line":36,"column":68},"end":{"line":47,"column":1}}},"4":{"name":"getNombreMsgNonLus","decl":{"start":{"line":49,"column":22},"end":{"line":49,"column":40}},"loc":{"start":{"line":49,"column":72},"end":{"line":56,"column":1}}}},"branchMap":{},"s":{"0":4,"1":4,"2":4,"3":4,"4":4,"5":4,"6":0,"7":0,"8":0,"9":0,"10":0,"11":0,"12":0,"13":0,"14":0,"15":0,"16":0,"17":0,"18":0,"19":0,"20":0,"21":0,"22":0,"23":0,"24":0,"25":0,"26":0},"f":{"0":0,"1":0,"2":0,"3":0,"4":0},"b":{}}
,"/Users/barasall/plateforme-de-suivi-de-l-insertion-de-l-UNCHK/backend/src/controllers/notifications.controller.ts": {"path":"/Users/barasall/plateforme-de-suivi-de-l-insertion-de-l-UNCHK/backend/src/controllers/notifications.controller.ts","statementMap":{"0":{"start":{"line":5,"column":0},"end":{"line":5,"column":7}},"1":{"start":{"line":15,"column":0},"end":{"line":15,"column":7}},"2":{"start":{"line":24,"column":0},"end":{"line":24,"column":7}},"3":{"start":{"line":3,"column":0},"end":{"line":3,"column":74}},"4":{"start":{"line":6,"column":2},"end":{"line":12,"column":3}},"5":{"start":{"line":7,"column":26},"end":{"line":7,"column":87}},"6":{"start":{"line":8,"column":20},"end":{"line":8,"column":81}},"7":{"start":{"line":9,"column":4},"end":{"line":9,"column":78}},"8":{"start":{"line":11,"column":4},"end":{"line":11,"column":69}},"9":{"start":{"line":16,"column":2},"end":{"line":21,"column":3}},"10":{"start":{"line":17,"column":4},"end":{"line":17,"column":90}},"11":{"start":{"line":18,"column":4},"end":{"line":18,"column":44}},"12":{"start":{"line":20,"column":4},"end":{"line":20,"column":69}},"13":{"start":{"line":25,"column":2},"end":{"line":30,"column":3}},"14":{"start":{"line":26,"column":4},"end":{"line":26,"column":72}},"15":{"start":{"line":27,"column":4},"end":{"line":27,"column":44}},"16":{"start":{"line":29,"column":4},"end":{"line":29,"column":69}}},"fnMap":{"0":{"name":"getNotifications","decl":{"start":{"line":5,"column":22},"end":{"line":5,"column":38}},"loc":{"start":{"line":5,"column":70},"end":{"line":13,"column":1}}},"1":{"name":"marquerCommeLue","decl":{"start":{"line":15,"column":22},"end":{"line":15,"column":37}},"loc":{"start":{"line":15,"column":69},"end":{"line":22,"column":1}}},"2":{"name":"marquerToutesCommeLues","decl":{"start":{"line":24,"column":22},"end":{"line":24,"column":44}},"loc":{"start":{"line":24,"column":76},"end":{"line":31,"column":1}}}},"branchMap":{},"s":{"0":4,"1":4,"2":4,"3":4,"4":0,"5":0,"6":0,"7":0,"8":0,"9":0,"10":0,"11":0,"12":0,"13":0,"14":0,"15":0,"16":0},"f":{"0":0,"1":0,"2":0},"b":{}}
,"/Users/barasall/plateforme-de-suivi-de-l-insertion-de-l-UNCHK/backend/src/controllers/offres.controller.ts": {"path":"/Users/barasall/plateforme-de-suivi-de-l-insertion-de-l-UNCHK/backend/src/controllers/offres.controller.ts","statementMap":{"0":{"start":{"line":13,"column":0},"end":{"line":13,"column":7}},"1":{"start":{"line":22,"column":0},"end":{"line":22,"column":7}},"2":{"start":{"line":31,"column":0},"end":{"line":31,"column":7}},"3":{"start":{"line":41,"column":0},"end":{"line":41,"column":7}},"4":{"start":{"line":51,"column":0},"end":{"line":51,"column":7}},"5":{"start":{"line":61,"column":0},"end":{"line":61,"column":7}},"6":{"start":{"line":70,"column":0},"end":{"line":70,"column":7}},"7":{"start":{"line":79,"column":0},"end":{"line":79,"column":7}},"8":{"start":{"line":3,"column":0},"end":{"line":3,"column":60}},"9":{"start":{"line":4,"column":0},"end":{"line":4,"column":47}},"10":{"start":{"line":8,"column":19},"end":{"line":8,"column":36}},"11":{"start":{"line":9,"column":2},"end":{"line":9,"column":46}},"12":{"start":{"line":9,"column":10},"end":{"line":9,"column":46}},"13":{"start":{"line":10,"column":2},"end":{"line":10,"column":37}},"14":{"start":{"line":14,"column":2},"end":{"line":19,"column":3}},"15":{"start":{"line":15,"column":19},"end":{"line":15,"column":59}},"16":{"start":{"line":16,"column":4},"end":{"line":16,"column":58}},"17":{"start":{"line":18,"column":4},"end":{"line":18,"column":69}},"18":{"start":{"line":23,"column":2},"end":{"line":28,"column":3}},"19":{"start":{"line":24,"column":19},"end":{"line":24,"column":76}},"20":{"start":{"line":25,"column":4},"end":{"line":25,"column":58}},"21":{"start":{"line":27,"column":4},"end":{"line":27,"column":69}},"22":{"start":{"line":32,"column":2},"end":{"line":38,"column":3}},"23":{"start":{"line":33,"column":19},"end":{"line":33,"column":78}},"24":{"start":{"line":34,"column":4},"end":{"line":34,"column":34}},"25":{"start":{"line":35,"column":4},"end":{"line":35,"column":58}},"26":{"start":{"line":37,"column":4},"end":{"line":37,"column":69}},"27":{"start":{"line":42,"column":2},"end":{"line":48,"column":3}},"28":{"start":{"line":43,"column":19},"end":{"line":43,"column":103}},"29":{"start":{"line":44,"column":4},"end":{"line":44,"column":57}},"30":{"start":{"line":45,"column":4},"end":{"line":45,"column":58}},"31":{"start":{"line":47,"column":4},"end":{"line":47,"column":69}},"32":{"start":{"line":52,"column":2},"end":{"line":58,"column":3}},"33":{"start":{"line":53,"column":19},"end":{"line":53,"column":93}},"34":{"start":{"line":54,"column":4},"end":{"line":54,"column":57}},"35":{"start":{"line":55,"column":4},"end":{"line":55,"column":58}},"36":{"start":{"line":57,"column":4},"end":{"line":57,"column":69}},"37":{"start":{"line":62,"column":2},"end":{"line":67,"column":3}},"38":{"start":{"line":63,"column":19},"end":{"line":63,"column":76}},"39":{"start":{"line":64,"column":4},"end":{"line":64,"column":58}},"40":{"start":{"line":66,"column":4},"end":{"line":66,"column":69}},"41":{"start":{"line":71,"column":2},"end":{"line":76,"column":3}},"42":{"start":{"line":72,"column":19},"end":{"line":72,"column":69}},"43":{"start":{"line":73,"column":4},"end":{"line":73,"column":58}},"44":{"start":{"line":75,"column":4},"end":{"line":75,"column":69}},"45":{"start":{"line":80,"column":2},"end":{"line":86,"column":3}},"46":{"start":{"line":81,"column":19},"end":{"line":81,"column":96}},"47":{"start":{"line":82,"column":4},"end":{"line":82,"column":57}},"48":{"start":{"line":83,"column":4},"end":{"line":83,"column":58}},"49":{"start":{"line":85,"column":4},"end":{"line":85,"column":69}}},"fnMap":{"0":{"name":"invalidateOffresCache","decl":{"start":{"line":7,"column":15},"end":{"line":7,"column":36}},"loc":{"start":{"line":7,"column":48},"end":{"line":11,"column":1}}},"1":{"name":"getOffres","decl":{"start":{"line":13,"column":22},"end":{"line":13,"column":31}},"loc":{"start":{"line":13,"column":63},"end":{"line":20,"column":1}}},"2":{"name":"getOffreById","decl":{"start":{"line":22,"column":22},"end":{"line":22,"column":34}},"loc":{"start":{"line":22,"column":66},"end":{"line":29,"column":1}}},"3":{"name":"createOffre","decl":{"start":{"line":31,"column":22},"end":{"line":31,"column":33}},"loc":{"start":{"line":31,"column":65},"end":{"line":39,"column":1}}},"4":{"name":"updateOffre","decl":{"start":{"line":41,"column":22},"end":{"line":41,"column":33}},"loc":{"start":{"line":41,"column":65},"end":{"line":49,"column":1}}},"5":{"name":"deleteOffre","decl":{"start":{"line":51,"column":22},"end":{"line":51,"column":33}},"loc":{"start":{"line":51,"column":65},"end":{"line":59,"column":1}}},"6":{"name":"validerOffre","decl":{"start":{"line":61,"column":22},"end":{"line":61,"column":34}},"loc":{"start":{"line":61,"column":66},"end":{"line":68,"column":1}}},"7":{"name":"getMesOffres","decl":{"start":{"line":70,"column":22},"end":{"line":70,"column":34}},"loc":{"start":{"line":70,"column":66},"end":{"line":77,"column":1}}},"8":{"name":"soumettreOffre","decl":{"start":{"line":79,"column":22},"end":{"line":79,"column":36}},"loc":{"start":{"line":79,"column":68},"end":{"line":87,"column":1}}}},"branchMap":{"0":{"loc":{"start":{"line":9,"column":2},"end":{"line":9,"column":46}},"type":"if","locations":[{"start":{"line":9,"column":2},"end":{"line":9,"column":46}}]}},"s":{"0":4,"1":4,"2":4,"3":4,"4":4,"5":4,"6":4,"7":4,"8":4,"9":4,"10":1,"11":1,"12":0,"13":1,"14":4,"15":4,"16":4,"17":0,"18":2,"19":2,"20":1,"21":1,"22":1,"23":1,"24":1,"25":1,"26":0,"27":0,"28":0,"29":0,"30":0,"31":0,"32":0,"33":0,"34":0,"35":0,"36":0,"37":0,"38":0,"39":0,"40":0,"41":0,"42":0,"43":0,"44":0,"45":0,"46":0,"47":0,"48":0,"49":0},"f":{"0":1,"1":4,"2":2,"3":1,"4":0,"5":0,"6":0,"7":0,"8":0},"b":{"0":[0]}}
,"/Users/barasall/plateforme-de-suivi-de-l-insertion-de-l-UNCHK/backend/src/controllers/profil.controller.ts": {"path":"/Users/barasall/plateforme-de-suivi-de-l-insertion-de-l-UNCHK/backend/src/controllers/profil.controller.ts","statementMap":{"0":{"start":{"line":5,"column":0},"end":{"line":5,"column":7}},"1":{"start":{"line":22,"column":0},"end":{"line":22,"column":7}},"2":{"start":{"line":3,"column":0},"end":{"line":3,"column":60}},"3":{"start":{"line":6,"column":2},"end":{"line":19,"column":3}},"4":{"start":{"line":8,"column":4},"end":{"line":15,"column":5}},"5":{"start":{"line":9,"column":6},"end":{"line":9,"column":71}},"6":{"start":{"line":10,"column":11},"end":{"line":15,"column":5}},"7":{"start":{"line":11,"column":6},"end":{"line":11,"column":73}},"8":{"start":{"line":13,"column":6},"end":{"line":13,"column":77}},"9":{"start":{"line":14,"column":6},"end":{"line":14,"column":13}},"10":{"start":{"line":16,"column":4},"end":{"line":16,"column":58}},"11":{"start":{"line":18,"column":4},"end":{"line":18,"column":69}},"12":{"start":{"line":23,"column":2},"end":{"line":36,"column":3}},"13":{"start":{"line":25,"column":4},"end":{"line":32,"column":5}},"14":{"start":{"line":26,"column":6},"end":{"line":26,"column":84}},"15":{"start":{"line":27,"column":11},"end":{"line":32,"column":5}},"16":{"start":{"line":28,"column":6},"end":{"line":28,"column":86}},"17":{"start":{"line":30,"column":6},"end":{"line":30,"column":77}},"18":{"start":{"line":31,"column":6},"end":{"line":31,"column":13}},"19":{"start":{"line":33,"column":4},"end":{"line":33,"column":58}},"20":{"start":{"line":35,"column":4},"end":{"line":35,"column":69}}},"fnMap":{"0":{"name":"getProfil","decl":{"start":{"line":5,"column":22},"end":{"line":5,"column":31}},"loc":{"start":{"line":5,"column":63},"end":{"line":20,"column":1}}},"1":{"name":"updateProfil","decl":{"start":{"line":22,"column":22},"end":{"line":22,"column":34}},"loc":{"start":{"line":22,"column":66},"end":{"line":37,"column":1}}}},"branchMap":{"0":{"loc":{"start":{"line":8,"column":4},"end":{"line":15,"column":5}},"type":"if","locations":[{"start":{"line":8,"column":4},"end":{"line":15,"column":5}},{"start":{"line":10,"column":11},"end":{"line":15,"column":5}}]},"1":{"loc":{"start":{"line":8,"column":8},"end":{"line":8,"column":69}},"type":"binary-expr","locations":[{"start":{"line":8,"column":8},"end":{"line":8,"column":37}},{"start":{"line":8,"column":41},"end":{"line":8,"column":69}}]},"2":{"loc":{"start":{"line":10,"column":11},"end":{"line":15,"column":5}},"type":"if","locations":[{"start":{"line":10,"column":11},"end":{"line":15,"column":5}},{"start":{"line":12,"column":11},"end":{"line":15,"column":5}}]},"3":{"loc":{"start":{"line":25,"column":4},"end":{"line":32,"column":5}},"type":"if","locations":[{"start":{"line":25,"column":4},"end":{"line":32,"column":5}},{"start":{"line":27,"column":11},"end":{"line":32,"column":5}}]},"4":{"loc":{"start":{"line":25,"column":8},"end":{"line":25,"column":69}},"type":"binary-expr","locations":[{"start":{"line":25,"column":8},"end":{"line":25,"column":37}},{"start":{"line":25,"column":41},"end":{"line":25,"column":69}}]},"5":{"loc":{"start":{"line":27,"column":11},"end":{"line":32,"column":5}},"type":"if","locations":[{"start":{"line":27,"column":11},"end":{"line":32,"column":5}},{"start":{"line":29,"column":11},"end":{"line":32,"column":5}}]}},"s":{"0":4,"1":4,"2":4,"3":0,"4":0,"5":0,"6":0,"7":0,"8":0,"9":0,"10":0,"11":0,"12":0,"13":0,"14":0,"15":0,"16":0,"17":0,"18":0,"19":0,"20":0},"f":{"0":0,"1":0},"b":{"0":[0,0],"1":[0,0],"2":[0,0],"3":[0,0],"4":[0,0],"5":[0,0]}}
,"/Users/barasall/plateforme-de-suivi-de-l-insertion-de-l-UNCHK/backend/src/controllers/statutProfessionnel.controller.ts": {"path":"/Users/barasall/plateforme-de-suivi-de-l-insertion-de-l-UNCHK/backend/src/controllers/statutProfessionnel.controller.ts","statementMap":{"0":{"start":{"line":13,"column":0},"end":{"line":13,"column":7}},"1":{"start":{"line":23,"column":0},"end":{"line":23,"column":7}},"2":{"start":{"line":33,"column":0},"end":{"line":33,"column":7}},"3":{"start":{"line":43,"column":0},"end":{"line":43,"column":7}},"4":{"start":{"line":53,"column":0},"end":{"line":53,"column":7}},"5":{"start":{"line":62,"column":0},"end":{"line":62,"column":7}},"6":{"start":{"line":3,"column":0},"end":{"line":3,"column":67}},"7":{"start":{"line":4,"column":0},"end":{"line":4,"column":39}},"8":{"start":{"line":8,"column":19},"end":{"line":8,"column":94}},"9":{"start":{"line":9,"column":2},"end":{"line":9,"column":85}},"10":{"start":{"line":9,"column":17},"end":{"line":9,"column":85}},"11":{"start":{"line":10,"column":2},"end":{"line":10,"column":21}},"12":{"start":{"line":14,"column":2},"end":{"line":20,"column":3}},"13":{"start":{"line":15,"column":23},"end":{"line":15,"column":64}},"14":{"start":{"line":16,"column":19},"end":{"line":16,"column":58}},"15":{"start":{"line":17,"column":4},"end":{"line":17,"column":58}},"16":{"start":{"line":19,"column":4},"end":{"line":19,"column":69}},"17":{"start":{"line":24,"column":2},"end":{"line":30,"column":3}},"18":{"start":{"line":25,"column":23},"end":{"line":25,"column":64}},"19":{"start":{"line":26,"column":19},"end":{"line":26,"column":63}},"20":{"start":{"line":27,"column":4},"end":{"line":27,"column":58}},"21":{"start":{"line":29,"column":4},"end":{"line":29,"column":69}},"22":{"start":{"line":34,"column":2},"end":{"line":40,"column":3}},"23":{"start":{"line":35,"column":23},"end":{"line":35,"column":64}},"24":{"start":{"line":36,"column":19},"end":{"line":36,"column":88}},"25":{"start":{"line":37,"column":4},"end":{"line":37,"column":58}},"26":{"start":{"line":39,"column":4},"end":{"line":39,"column":69}},"27":{"start":{"line":44,"column":2},"end":{"line":50,"column":3}},"28":{"start":{"line":45,"column":23},"end":{"line":45,"column":64}},"29":{"start":{"line":46,"column":19},"end":{"line":46,"column":79}},"30":{"start":{"line":47,"column":4},"end":{"line":47,"column":58}},"31":{"start":{"line":49,"column":4},"end":{"line":49,"column":69}},"32":{"start":{"line":54,"column":2},"end":{"line":59,"column":3}},"33":{"start":{"line":55,"column":19},"end":{"line":55,"column":87}},"34":{"start":{"line":56,"column":4},"end":{"line":56,"column":58}},"35":{"start":{"line":58,"column":4},"end":{"line":58,"column":69}},"36":{"start":{"line":63,"column":2},"end":{"line":68,"column":3}},"37":{"start":{"line":64,"column":19},"end":{"line":64,"column":89}},"38":{"start":{"line":65,"column":4},"end":{"line":65,"column":58}},"39":{"start":{"line":67,"column":4},"end":{"line":67,"column":69}}},"fnMap":{"0":{"name":"resolveEtudiantId","decl":{"start":{"line":7,"column":15},"end":{"line":7,"column":32}},"loc":{"start":{"line":7,"column":47},"end":{"line":11,"column":1}}},"1":{"name":"getMesStatuts","decl":{"start":{"line":13,"column":22},"end":{"line":13,"column":35}},"loc":{"start":{"line":13,"column":67},"end":{"line":21,"column":1}}},"2":{"name":"declarer","decl":{"start":{"line":23,"column":22},"end":{"line":23,"column":30}},"loc":{"start":{"line":23,"column":62},"end":{"line":31,"column":1}}},"3":{"name":"modifier","decl":{"start":{"line":33,"column":22},"end":{"line":33,"column":30}},"loc":{"start":{"line":33,"column":62},"end":{"line":41,"column":1}}},"4":{"name":"supprimer","decl":{"start":{"line":43,"column":22},"end":{"line":43,"column":31}},"loc":{"start":{"line":43,"column":63},"end":{"line":51,"column":1}}},"5":{"name":"getStatutsParEtudiant","decl":{"start":{"line":53,"column":22},"end":{"line":53,"column":43}},"loc":{"start":{"line":53,"column":75},"end":{"line":60,"column":1}}},"6":{"name":"validerStatut","decl":{"start":{"line":62,"column":22},"end":{"line":62,"column":35}},"loc":{"start":{"line":62,"column":67},"end":{"line":69,"column":1}}}},"branchMap":{"0":{"loc":{"start":{"line":9,"column":2},"end":{"line":9,"column":85}},"type":"if","locations":[{"start":{"line":9,"column":2},"end":{"line":9,"column":85}}]}},"s":{"0":4,"1":4,"2":4,"3":4,"4":4,"5":4,"6":4,"7":4,"8":0,"9":0,"10":0,"11":0,"12":0,"13":0,"14":0,"15":0,"16":0,"17":0,"18":0,"19":0,"20":0,"21":0,"22":0,"23":0,"24":0,"25":0,"26":0,"27":0,"28":0,"29":0,"30":0,"31":0,"32":0,"33":0,"34":0,"35":0,"36":0,"37":0,"38":0,"39":0},"f":{"0":0,"1":0,"2":0,"3":0,"4":0,"5":0,"6":0},"b":{"0":[0]}}
,"/Users/barasall/plateforme-de-suivi-de-l-insertion-de-l-UNCHK/backend/src/controllers/superviseur.controller.ts": {"path":"/Users/barasall/plateforme-de-suivi-de-l-insertion-de-l-UNCHK/backend/src/controllers/superviseur.controller.ts","statementMap":{"0":{"start":{"line":5,"column":0},"end":{"line":5,"column":7}},"1":{"start":{"line":14,"column":0},"end":{"line":14,"column":7}},"2":{"start":{"line":23,"column":0},"end":{"line":23,"column":7}},"3":{"start":{"line":33,"column":0},"end":{"line":33,"column":7}},"4":{"start":{"line":47,"column":0},"end":{"line":47,"column":7}},"5":{"start":{"line":56,"column":0},"end":{"line":56,"column":7}},"6":{"start":{"line":65,"column":0},"end":{"line":65,"column":7}},"7":{"start":{"line":3,"column":0},"end":{"line":3,"column":70}},"8":{"start":{"line":6,"column":2},"end":{"line":11,"column":3}},"9":{"start":{"line":7,"column":19},"end":{"line":7,"column":82}},"10":{"start":{"line":8,"column":4},"end":{"line":8,"column":58}},"11":{"start":{"line":10,"column":4},"end":{"line":10,"column":69}},"12":{"start":{"line":15,"column":2},"end":{"line":20,"column":3}},"13":{"start":{"line":16,"column":19},"end":{"line":16,"column":77}},"14":{"start":{"line":17,"column":4},"end":{"line":17,"column":58}},"15":{"start":{"line":19,"column":4},"end":{"line":19,"column":69}},"16":{"start":{"line":24,"column":2},"end":{"line":30,"column":3}},"17":{"start":{"line":25,"column":23},"end":{"line":25,"column":52}},"18":{"start":{"line":26,"column":19},"end":{"line":26,"column":91}},"19":{"start":{"line":27,"column":4},"end":{"line":27,"column":58}},"20":{"start":{"line":29,"column":4},"end":{"line":29,"column":69}},"21":{"start":{"line":34,"column":2},"end":{"line":44,"column":3}},"22":{"start":{"line":35,"column":23},"end":{"line":35,"column":52}},"23":{"start":{"line":36,"column":19},"end":{"line":39,"column":null}},"24":{"start":{"line":41,"column":4},"end":{"line":41,"column":58}},"25":{"start":{"line":43,"column":4},"end":{"line":43,"column":69}},"26":{"start":{"line":48,"column":2},"end":{"line":53,"column":3}},"27":{"start":{"line":49,"column":19},"end":{"line":49,"column":95}},"28":{"start":{"line":50,"column":4},"end":{"line":50,"column":58}},"29":{"start":{"line":52,"column":4},"end":{"line":52,"column":69}},"30":{"start":{"line":57,"column":2},"end":{"line":62,"column":3}},"31":{"start":{"line":58,"column":19},"end":{"line":58,"column":81}},"32":{"start":{"line":59,"column":4},"end":{"line":59,"column":58}},"33":{"start":{"line":61,"column":4},"end":{"line":61,"column":69}},"34":{"start":{"line":66,"column":2},"end":{"line":71,"column":3}},"35":{"start":{"line":67,"column":19},"end":{"line":67,"column":62}},"36":{"start":{"line":68,"column":4},"end":{"line":68,"column":58}},"37":{"start":{"line":70,"column":4},"end":{"line":70,"column":69}},"38":{"start":{"line":73,"column":32},"end":{"line":83,"column":1}},"39":{"start":{"line":74,"column":2},"end":{"line":82,"column":3}},"40":{"start":{"line":75,"column":26},"end":{"line":75,"column":42}},"41":{"start":{"line":76,"column":27},"end":{"line":76,"column":35}},"42":{"start":{"line":77,"column":4},"end":{"line":77,"column":104}},"43":{"start":{"line":77,"column":23},"end":{"line":77,"column":94}},"44":{"start":{"line":77,"column":95},"end":{"line":77,"column":102}},"45":{"start":{"line":78,"column":24},"end":{"line":78,"column":92}},"46":{"start":{"line":79,"column":4},"end":{"line":79,"column":63}},"47":{"start":{"line":81,"column":4},"end":{"line":81,"column":67}},"48":{"start":{"line":73,"column":13},"end":{"line":73,"column":32}}},"fnMap":{"0":{"name":"getProfilSuperviseur","decl":{"start":{"line":5,"column":22},"end":{"line":5,"column":42}},"loc":{"start":{"line":5,"column":74},"end":{"line":12,"column":1}}},"1":{"name":"getMesEtudiants","decl":{"start":{"line":14,"column":22},"end":{"line":14,"column":37}},"loc":{"start":{"line":14,"column":69},"end":{"line":21,"column":1}}},"2":{"name":"getDetailEtudiant","decl":{"start":{"line":23,"column":22},"end":{"line":23,"column":39}},"loc":{"start":{"line":23,"column":71},"end":{"line":31,"column":1}}},"3":{"name":"ajouterCommentaire","decl":{"start":{"line":33,"column":22},"end":{"line":33,"column":40}},"loc":{"start":{"line":33,"column":72},"end":{"line":45,"column":1}}},"4":{"name":"updateProfilSuperviseur","decl":{"start":{"line":47,"column":22},"end":{"line":47,"column":45}},"loc":{"start":{"line":47,"column":77},"end":{"line":54,"column":1}}},"5":{"name":"getStatsSuperviseur","decl":{"start":{"line":56,"column":22},"end":{"line":56,"column":41}},"loc":{"start":{"line":56,"column":73},"end":{"line":63,"column":1}}},"6":{"name":"getTousEtudiants","decl":{"start":{"line":65,"column":22},"end":{"line":65,"column":38}},"loc":{"start":{"line":65,"column":70},"end":{"line":72,"column":1}}},"7":{"name":"(anonymous_16)","decl":{"start":{"line":73,"column":32},"end":{"line":73,"column":37}},"loc":{"start":{"line":73,"column":89},"end":{"line":83,"column":1}}}},"branchMap":{"0":{"loc":{"start":{"line":77,"column":4},"end":{"line":77,"column":104}},"type":"if","locations":[{"start":{"line":77,"column":4},"end":{"line":77,"column":104}}]}},"s":{"0":4,"1":4,"2":4,"3":4,"4":4,"5":4,"6":4,"7":4,"8":0,"9":0,"10":0,"11":0,"12":0,"13":0,"14":0,"15":0,"16":0,"17":0,"18":0,"19":0,"20":0,"21":0,"22":0,"23":0,"24":0,"25":0,"26":0,"27":0,"28":0,"29":0,"30":0,"31":0,"32":0,"33":0,"34":0,"35":0,"36":0,"37":0,"38":4,"39":0,"40":0,"41":0,"42":0,"43":0,"44":0,"45":0,"46":0,"47":0,"48":4},"f":{"0":0,"1":0,"2":0,"3":0,"4":0,"5":0,"6":0,"7":0},"b":{"0":[0]}}
,"/Users/barasall/plateforme-de-suivi-de-l-insertion-de-l-UNCHK/backend/src/controllers/upload.controller.ts": {"path":"/Users/barasall/plateforme-de-suivi-de-l-insertion-de-l-UNCHK/backend/src/controllers/upload.controller.ts","statementMap":{"0":{"start":{"line":19,"column":0},"end":{"line":19,"column":7}},"1":{"start":{"line":78,"column":0},"end":{"line":78,"column":7}},"2":{"start":{"line":3,"column":0},"end":{"line":3,"column":39}},"3":{"start":{"line":5,"column":0},"end":{"line":5,"column":24}},"4":{"start":{"line":7,"column":53},"end":{"line":13,"column":2}},"5":{"start":{"line":15,"column":23},"end":{"line":15,"column":38}},"6":{"start":{"line":17,"column":26},"end":{"line":17,"column":72}},"7":{"start":{"line":20,"column":2},"end":{"line":75,"column":3}},"8":{"start":{"line":21,"column":4},"end":{"line":24,"column":5}},"9":{"start":{"line":22,"column":6},"end":{"line":22,"column":80}},"10":{"start":{"line":23,"column":6},"end":{"line":23,"column":13}},"11":{"start":{"line":26,"column":27},"end":{"line":26,"column":69}},"12":{"start":{"line":27,"column":4},"end":{"line":30,"column":5}},"13":{"start":{"line":28,"column":6},"end":{"line":28,"column":115}},"14":{"start":{"line":29,"column":6},"end":{"line":29,"column":13}},"15":{"start":{"line":31,"column":24},"end":{"line":31,"column":43}},"16":{"start":{"line":34,"column":25},"end":{"line":34,"column":62}},"17":{"start":{"line":35,"column":4},"end":{"line":41,"column":5}},"18":{"start":{"line":36,"column":6},"end":{"line":39,"column":9}},"19":{"start":{"line":40,"column":6},"end":{"line":40,"column":13}},"20":{"start":{"line":44,"column":4},"end":{"line":47,"column":5}},"21":{"start":{"line":45,"column":6},"end":{"line":45,"column":94}},"22":{"start":{"line":46,"column":6},"end":{"line":46,"column":13}},"23":{"start":{"line":49,"column":20},"end":{"line":49,"column":51}},"24":{"start":{"line":51,"column":4},"end":{"line":61,"column":5}},"25":{"start":{"line":52,"column":6},"end":{"line":55,"column":9}},"26":{"start":{"line":56,"column":11},"end":{"line":61,"column":5}},"27":{"start":{"line":57,"column":6},"end":{"line":60,"column":9}},"28":{"start":{"line":63,"column":4},"end":{"line":72,"column":7}},"29":{"start":{"line":74,"column":4},"end":{"line":74,"column":69}},"30":{"start":{"line":79,"column":2},"end":{"line":111,"column":3}},"31":{"start":{"line":80,"column":4},"end":{"line":83,"column":5}},"32":{"start":{"line":81,"column":6},"end":{"line":81,"column":80}},"33":{"start":{"line":82,"column":6},"end":{"line":82,"column":13}},"34":{"start":{"line":85,"column":25},"end":{"line":85,"column":55}},"35":{"start":{"line":86,"column":4},"end":{"line":92,"column":5}},"36":{"start":{"line":87,"column":6},"end":{"line":90,"column":9}},"37":{"start":{"line":91,"column":6},"end":{"line":91,"column":13}},"38":{"start":{"line":94,"column":4},"end":{"line":97,"column":5}},"39":{"start":{"line":95,"column":6},"end":{"line":95,"column":94}},"40":{"start":{"line":96,"column":6},"end":{"line":96,"column":13}},"41":{"start":{"line":99,"column":20},"end":{"line":99,"column":51}},"42":{"start":{"line":100,"column":4},"end":{"line":108,"column":7}},"43":{"start":{"line":110,"column":4},"end":{"line":110,"column":69}}},"fnMap":{"0":{"name":"uploadFichier","decl":{"start":{"line":19,"column":22},"end":{"line":19,"column":35}},"loc":{"start":{"line":19,"column":67},"end":{"line":76,"column":1}}},"1":{"name":"uploadDocument","decl":{"start":{"line":78,"column":22},"end":{"line":78,"column":36}},"loc":{"start":{"line":78,"column":68},"end":{"line":112,"column":1}}}},"branchMap":{"0":{"loc":{"start":{"line":21,"column":4},"end":{"line":24,"column":5}},"type":"if","locations":[{"start":{"line":21,"column":4},"end":{"line":24,"column":5}}]},"1":{"loc":{"start":{"line":27,"column":4},"end":{"line":30,"column":5}},"type":"if","locations":[{"start":{"line":27,"column":4},"end":{"line":30,"column":5}}]},"2":{"loc":{"start":{"line":34,"column":25},"end":{"line":34,"column":62}},"type":"binary-expr","locations":[{"start":{"line":34,"column":25},"end":{"line":34,"column":56}},{"start":{"line":34,"column":60},"end":{"line":34,"column":62}}]},"3":{"loc":{"start":{"line":35,"column":4},"end":{"line":41,"column":5}},"type":"if","locations":[{"start":{"line":35,"column":4},"end":{"line":41,"column":5}}]},"4":{"loc":{"start":{"line":44,"column":4},"end":{"line":47,"column":5}},"type":"if","locations":[{"start":{"line":44,"column":4},"end":{"line":47,"column":5}}]},"5":{"loc":{"start":{"line":51,"column":4},"end":{"line":61,"column":5}},"type":"if","locations":[{"start":{"line":51,"column":4},"end":{"line":61,"column":5}},{"start":{"line":56,"column":11},"end":{"line":61,"column":5}}]},"6":{"loc":{"start":{"line":56,"column":11},"end":{"line":61,"column":5}},"type":"if","locations":[{"start":{"line":56,"column":11},"end":{"line":61,"column":5}}]},"7":{"loc":{"start":{"line":80,"column":4},"end":{"line":83,"column":5}},"type":"if","locations":[{"start":{"line":80,"column":4},"end":{"line":83,"column":5}}]},"8":{"loc":{"start":{"line":86,"column":4},"end":{"line":92,"column":5}},"type":"if","locations":[{"start":{"line":86,"column":4},"end":{"line":92,"column":5}}]},"9":{"loc":{"start":{"line":94,"column":4},"end":{"line":97,"column":5}},"type":"if","locations":[{"start":{"line":94,"column":4},"end":{"line":97,"column":5}}]}},"s":{"0":4,"1":4,"2":4,"3":4,"4":4,"5":4,"6":4,"7":0,"8":0,"9":0,"10":0,"11":0,"12":0,"13":0,"14":0,"15":0,"16":0,"17":0,"18":0,"19":0,"20":0,"21":0,"22":0,"23":0,"24":0,"25":0,"26":0,"27":0,"28":0,"29":0,"30":0,"31":0,"32":0,"33":0,"34":0,"35":0,"36":0,"37":0,"38":0,"39":0,"40":0,"41":0,"42":0,"43":0},"f":{"0":0,"1":0},"b":{"0":[0],"1":[0],"2":[0,0],"3":[0],"4":[0],"5":[0,0],"6":[0],"7":[0],"8":[0],"9":[0]}}
,"/Users/barasall/plateforme-de-suivi-de-l-insertion-de-l-UNCHK/backend/src/jobs/purge.job.ts": {"path":"/Users/barasall/plateforme-de-suivi-de-l-insertion-de-l-UNCHK/backend/src/jobs/purge.job.ts","statementMap":{"0":{"start":{"line":17,"column":0},"end":{"line":17,"column":16}},"1":{"start":{"line":9,"column":0},"end":{"line":9,"column":29}},"2":{"start":{"line":10,"column":0},"end":{"line":10,"column":39}},"3":{"start":{"line":11,"column":0},"end":{"line":11,"column":35}},"4":{"start":{"line":19,"column":2},"end":{"line":34,"column":5}},"5":{"start":{"line":20,"column":4},"end":{"line":31,"column":5}},"6":{"start":{"line":21,"column":18},"end":{"line":21,"column":28}},"7":{"start":{"line":22,"column":21},"end":{"line":24,"column":8}},"8":{"start":{"line":25,"column":6},"end":{"line":25,"column":119}},"9":{"start":{"line":27,"column":6},"end":{"line":30,"column":9}},"10":{"start":{"line":37,"column":2},"end":{"line":52,"column":5}},"11":{"start":{"line":38,"column":4},"end":{"line":49,"column":5}},"12":{"start":{"line":39,"column":18},"end":{"line":39,"column":28}},"13":{"start":{"line":40,"column":21},"end":{"line":42,"column":8}},"14":{"start":{"line":43,"column":6},"end":{"line":43,"column":114}},"15":{"start":{"line":45,"column":6},"end":{"line":48,"column":9}},"16":{"start":{"line":54,"column":2},"end":{"line":54,"column":121}}},"fnMap":{"0":{"name":"startPurgeJobs","decl":{"start":{"line":17,"column":16},"end":{"line":17,"column":30}},"loc":{"start":{"line":17,"column":30},"end":{"line":55,"column":1}}},"1":{"name":"(anonymous_2)","decl":{"start":{"line":19,"column":29},"end":{"line":19,"column":34}},"loc":{"start":{"line":19,"column":40},"end":{"line":32,"column":3}}},"2":{"name":"(anonymous_3)","decl":{"start":{"line":37,"column":29},"end":{"line":37,"column":34}},"loc":{"start":{"line":37,"column":40},"end":{"line":50,"column":3}}}},"branchMap":{},"s":{"0":4,"1":4,"2":4,"3":4,"4":0,"5":0,"6":0,"7":0,"8":0,"9":0,"10":0,"11":0,"12":0,"13":0,"14":0,"15":0,"16":0},"f":{"0":0,"1":0,"2":0},"b":{}}
,"/Users/barasall/plateforme-de-suivi-de-l-insertion-de-l-UNCHK/backend/src/jobs/relance.job.ts": {"path":"/Users/barasall/plateforme-de-suivi-de-l-insertion-de-l-UNCHK/backend/src/jobs/relance.job.ts","statementMap":{"0":{"start":{"line":24,"column":0},"end":{"line":24,"column":16}},"1":{"start":{"line":58,"column":0},"end":{"line":58,"column":7}},"2":{"start":{"line":83,"column":0},"end":{"line":83,"column":7}},"3":{"start":{"line":1,"column":0},"end":{"line":1,"column":29}},"4":{"start":{"line":2,"column":0},"end":{"line":2,"column":39}},"5":{"start":{"line":3,"column":0},"end":{"line":3,"column":35}},"6":{"start":{"line":6,"column":12},"end":{"line":6,"column":22}},"7":{"start":{"line":7,"column":2},"end":{"line":7,"column":37}},"8":{"start":{"line":8,"column":2},"end":{"line":8,"column":11}},"9":{"start":{"line":12,"column":2},"end":{"line":21,"column":5}},"10":{"start":{"line":25,"column":2},"end":{"line":53,"column":35}},"11":{"start":{"line":26,"column":4},"end":{"line":26,"column":61}},"12":{"start":{"line":27,"column":4},"end":{"line":52,"column":5}},"13":{"start":{"line":28,"column":19},"end":{"line":28,"column":34}},"14":{"start":{"line":29,"column":20},"end":{"line":29,"column":44}},"15":{"start":{"line":31,"column":23},"end":{"line":42,"column":8}},"16":{"start":{"line":44,"column":6},"end":{"line":47,"column":7}},"17":{"start":{"line":45,"column":23},"end":{"line":45,"column":60}},"18":{"start":{"line":46,"column":8},"end":{"line":46,"column":66}},"19":{"start":{"line":49,"column":6},"end":{"line":49,"column":86}},"20":{"start":{"line":51,"column":6},"end":{"line":51,"column":69}},"21":{"start":{"line":55,"column":2},"end":{"line":55,"column":81}},"22":{"start":{"line":59,"column":15},"end":{"line":59,"column":30}},"23":{"start":{"line":60,"column":16},"end":{"line":60,"column":40}},"24":{"start":{"line":62,"column":19},"end":{"line":73,"column":4}},"25":{"start":{"line":75,"column":2},"end":{"line":78,"column":3}},"26":{"start":{"line":76,"column":19},"end":{"line":76,"column":56}},"27":{"start":{"line":77,"column":4},"end":{"line":77,"column":62}},"28":{"start":{"line":80,"column":2},"end":{"line":80,"column":36}},"29":{"start":{"line":84,"column":15},"end":{"line":84,"column":30}},"30":{"start":{"line":86,"column":2},"end":{"line":106,"column":5}}},"fnMap":{"0":{"name":"getUnAn","decl":{"start":{"line":5,"column":15},"end":{"line":5,"column":22}},"loc":{"start":{"line":5,"column":22},"end":{"line":9,"column":1}}},"1":{"name":"creerNotificationRelance","decl":{"start":{"line":11,"column":15},"end":{"line":11,"column":39}},"loc":{"start":{"line":11,"column":92},"end":{"line":22,"column":1}}},"2":{"name":"startRelanceJob","decl":{"start":{"line":24,"column":16},"end":{"line":24,"column":31}},"loc":{"start":{"line":24,"column":31},"end":{"line":56,"column":1}}},"3":{"name":"(anonymous_4)","decl":{"start":{"line":25,"column":29},"end":{"line":25,"column":34}},"loc":{"start":{"line":25,"column":40},"end":{"line":53,"column":3}}},"4":{"name":"relancerManuellement","decl":{"start":{"line":58,"column":22},"end":{"line":58,"column":42}},"loc":{"start":{"line":58,"column":42},"end":{"line":81,"column":1}}},"5":{"name":"getNonRepondants","decl":{"start":{"line":83,"column":22},"end":{"line":83,"column":38}},"loc":{"start":{"line":83,"column":38},"end":{"line":107,"column":1}}}},"branchMap":{"0":{"loc":{"start":{"line":45,"column":23},"end":{"line":45,"column":60}},"type":"binary-expr","locations":[{"start":{"line":45,"column":23},"end":{"line":45,"column":47}},{"start":{"line":45,"column":51},"end":{"line":45,"column":60}}]},"1":{"loc":{"start":{"line":76,"column":19},"end":{"line":76,"column":56}},"type":"binary-expr","locations":[{"start":{"line":76,"column":19},"end":{"line":76,"column":43}},{"start":{"line":76,"column":47},"end":{"line":76,"column":56}}]}},"s":{"0":4,"1":4,"2":4,"3":4,"4":4,"5":4,"6":0,"7":0,"8":0,"9":0,"10":0,"11":0,"12":0,"13":0,"14":0,"15":0,"16":0,"17":0,"18":0,"19":0,"20":0,"21":0,"22":0,"23":0,"24":0,"25":0,"26":0,"27":0,"28":0,"29":0,"30":0},"f":{"0":0,"1":0,"2":0,"3":0,"4":0,"5":0},"b":{"0":[0,0],"1":[0,0]}}
,"/Users/barasall/plateforme-de-suivi-de-l-insertion-de-l-UNCHK/backend/src/lib/cloudinary.ts": {"path":"/Users/barasall/plateforme-de-suivi-de-l-insertion-de-l-UNCHK/backend/src/lib/cloudinary.ts","statementMap":{"0":{"start":{"line":24,"column":0},"end":{"line":24,"column":16}},"1":{"start":{"line":1,"column":0},"end":{"line":1,"column":15}},"2":{"start":{"line":29,"column":9},"end":{"line":1,"column":46}},"3":{"start":{"line":2,"column":0},"end":{"line":2,"column":30}},"4":{"start":{"line":4,"column":17},"end":{"line":4,"column":22}},"5":{"start":{"line":7,"column":2},"end":{"line":7,"column":25}},"6":{"start":{"line":7,"column":18},"end":{"line":7,"column":25}},"7":{"start":{"line":8,"column":95},"end":{"line":8,"column":106}},"8":{"start":{"line":10,"column":2},"end":{"line":21,"column":3}},"9":{"start":{"line":11,"column":4},"end":{"line":16,"column":7}},"10":{"start":{"line":17,"column":4},"end":{"line":17,"column":22}},"11":{"start":{"line":18,"column":4},"end":{"line":18,"column":53}},"12":{"start":{"line":20,"column":4},"end":{"line":20,"column":82}},"13":{"start":{"line":25,"column":2},"end":{"line":25,"column":24}},"14":{"start":{"line":26,"column":2},"end":{"line":26,"column":20}}},"fnMap":{"0":{"name":"(anonymous_1)","decl":{"start":{"line":29,"column":9},"end":{"line":29,"column":19}},"loc":{"start":{"line":29,"column":9},"end":{"line":1,"column":46}}},"1":{"name":"configureCloudinary","decl":{"start":{"line":6,"column":9},"end":{"line":6,"column":28}},"loc":{"start":{"line":6,"column":28},"end":{"line":22,"column":1}}},"2":{"name":"isCloudinaryEnabled","decl":{"start":{"line":24,"column":16},"end":{"line":24,"column":35}},"loc":{"start":{"line":24,"column":35},"end":{"line":27,"column":1}}}},"branchMap":{"0":{"loc":{"start":{"line":7,"column":2},"end":{"line":7,"column":25}},"type":"if","locations":[{"start":{"line":7,"column":2},"end":{"line":7,"column":25}}]},"1":{"loc":{"start":{"line":10,"column":2},"end":{"line":21,"column":3}},"type":"if","locations":[{"start":{"line":10,"column":2},"end":{"line":21,"column":3}},{"start":{"line":19,"column":9},"end":{"line":21,"column":3}}]},"2":{"loc":{"start":{"line":10,"column":6},"end":{"line":10,"co
[...]
column":57}},"28":{"start":{"line":65,"column":17},"end":{"line":65,"column":57}},"29":{"start":{"line":66,"column":2},"end":{"line":69,"column":5}},"30":{"start":{"line":73,"column":17},"end":{"line":73,"column":79}},"31":{"start":{"line":74,"column":2},"end":{"line":74,"column":53}},"32":{"start":{"line":74,"column":15},"end":{"line":74,"column":53}},"33":{"start":{"line":75,"column":2},"end":{"line":78,"column":5}}},"fnMap":{"0":{"name":"getMesStatuts","decl":{"start":{"line":3,"column":22},"end":{"line":3,"column":35}},"loc":{"start":{"line":3,"column":54},"end":{"line":8,"column":1}}},"1":{"name":"declarer","decl":{"start":{"line":10,"column":22},"end":{"line":10,"column":30}},"loc":{"start":{"line":10,"column":60},"end":{"line":30,"column":1}}},"2":{"name":"modifier","decl":{"start":{"line":32,"column":22},"end":{"line":32,"column":30}},"loc":{"start":{"line":32,"column":72},"end":{"line":53,"column":1}}},"3":{"name":"supprimer","decl":{"start":{"line":55,"column":22},"end":{"line":55,"column":31}},"loc":{"start":{"line":55,"column":62},"end":{"line":61,"column":1}}},"4":{"name":"getStatutsParEtudiant","decl":{"start":{"line":63,"column":22},"end":{"line":63,"column":43}},"loc":{"start":{"line":63,"column":62},"end":{"line":70,"column":1}}},"5":{"name":"validerStatut","decl":{"start":{"line":72,"column":22},"end":{"line":72,"column":35}},"loc":{"start":{"line":72,"column":63},"end":{"line":79,"column":1}}}},"branchMap":{"0":{"loc":{"start":{"line":11,"column":2},"end":{"line":11,"column":61}},"type":"if","locations":[{"start":{"line":11,"column":2},"end":{"line":11,"column":61}}]},"1":{"loc":{"start":{"line":12,"column":2},"end":{"line":12,"column":59}},"type":"if","locations":[{"start":{"line":12,"column":2},"end":{"line":12,"column":59}}]},"2":{"loc":{"start":{"line":18,"column":21},"end":{"line":18,"column":47}},"type":"binary-expr","locations":[{"start":{"line":18,"column":21},"end":{"line":18,"column":39}},{"start":{"line":18,"column":43},"end":{"line":18,"column":47}}]},"3":{"loc":{"start":{"line":19,"column":13},"end":{"line":19,"column":31}},"type":"binary-expr","locations":[{"start":{"line":19,"column":13},"end":{"line":19,"column":23}},{"start":{"line":19,"column":27},"end":{"line":19,"column":31}}]},"4":{"loc":{"start":{"line":20,"column":19},"end":{"line":20,"column":43}},"type":"binary-expr","locations":[{"start":{"line":20,"column":19},"end":{"line":20,"column":35}},{"start":{"line":20,"column":39},"end":{"line":20,"column":43}}]},"5":{"loc":{"start":{"line":21,"column":25},"end":{"line":21,"column":87}},"type":"cond-expr","locations":[{"start":{"line":21,"column":50},"end":{"line":21,"column":80}},{"start":{"line":21,"column":83},"end":{"line":21,"column":87}}]},"6":{"loc":{"start":{"line":23,"column":15},"end":{"line":23,"column":59}},"type":"cond-expr","locations":[{"start":{"line":23,"column":30},"end":{"line":23,"column":52}},{"start":{"line":23,"column":55},"end":{"line":23,"column":59}}]},"7":{"loc":{"start":{"line":24,"column":23},"end":{"line":24,"column":51}},"type":"binary-expr","locations":[{"start":{"line":24,"column":23},"end":{"line":24,"column":43}},{"start":{"line":24,"column":47},"end":{"line":24,"column":51}}]},"8":{"loc":{"start":{"line":25,"column":13},"end":{"line":25,"column":31}},"type":"binary-expr","locations":[{"start":{"line":25,"column":13},"end":{"line":25,"column":23}},{"start":{"line":25,"column":27},"end":{"line":25,"column":31}}]},"9":{"loc":{"start":{"line":26,"column":12},"end":{"line":26,"column":29}},"type":"binary-expr","locations":[{"start":{"line":26,"column":12},"end":{"line":26,"column":21}},{"start":{"line":26,"column":25},"end":{"line":26,"column":29}}]},"10":{"loc":{"start":{"line":27,"column":23},"end":{"line":27,"column":51}},"type":"binary-expr","locations":[{"start":{"line":27,"column":23},"end":{"line":27,"column":43}},{"start":{"line":27,"column":47},"end":{"line":27,"column":51}}]},"11":{"loc":{"start":{"line":34,"column":2},"end":{"line":34,"column":53}},"type":"if","locations":[{"start":{"line":34,"column":2},"end":{"line":34,"column":53}}]},"12":{"loc":{"start":{"line":35,"column":2},"end":{"line":35,"column":72}},"type":"if","locations":[{"start":{"line":35,"column":2},"end":{"line":35,"column":72}}]},"13":{"loc":{"start":{"line":41,"column":21},"end":{"line":41,"column":47}},"type":"binary-expr","locations":[{"start":{"line":41,"column":21},"end":{"line":41,"column":39}},{"start":{"line":41,"column":43},"end":{"line":41,"column":47}}]},"14":{"loc":{"start":{"line":42,"column":13},"end":{"line":42,"column":31}},"type":"binary-expr","locations":[{"start":{"line":42,"column":13},"end":{"line":42,"column":23}},{"start":{"line":42,"column":27},"end":{"line":42,"column":31}}]},"15":{"loc":{"start":{"line":43,"column":19},"end":{"line":43,"column":43}},"type":"binary-expr","locations":[{"start":{"line":43,"column":19},"end":{"line":43,"column":35}},{"start":{"line":43,"column":39},"end":{"line":43,"column":43}}]},"16":{"loc":{"start":{"line":44,"column":25},"end":{"line":44,"column":87}},"type":"cond-expr","locations":[{"start":{"line":44,"column":50},"end":{"line":44,"column":80}},{"start":{"line":44,"column":83},"end":{"line":44,"column":87}}]},"17":{"loc":{"start":{"line":45,"column":17},"end":{"line":45,"column":70}},"type":"cond-expr","locations":[{"start":{"line":45,"column":34},"end":{"line":45,"column":58}},{"start":{"line":45,"column":61},"end":{"line":45,"column":70}}]},"18":{"loc":{"start":{"line":46,"column":15},"end":{"line":46,"column":59}},"type":"cond-expr","locations":[{"start":{"line":46,"column":30},"end":{"line":46,"column":52}},{"start":{"line":46,"column":55},"end":{"line":46,"column":59}}]},"19":{"loc":{"start":{"line":47,"column":23},"end":{"line":47,"column":51}},"type":"binary-expr","locations":[{"start":{"line":47,"column":23},"end":{"line":47,"column":43}},{"start":{"line":47,"column":47},"end":{"line":47,"column":51}}]},"20":{"loc":{"start":{"line":48,"column":13},"end":{"line":48,"column":31}},"type":"binary-expr","locations":[{"start":{"line":48,"column":13},"end":{"line":48,"column":23}},{"start":{"line":48,"column":27},"end":{"line":48,"column":31}}]},"21":{"loc":{"start":{"line":49,"column":12},"end":{"line":49,"column":29}},"type":"binary-expr","locations":[{"start":{"line":49,"column":12},"end":{"line":49,"column":21}},{"start":{"line":49,"column":25},"end":{"line":49,"column":29}}]},"22":{"loc":{"start":{"line":50,"column":23},"end":{"line":50,"column":51}},"type":"binary-expr","locations":[{"start":{"line":50,"column":23},"end":{"line":50,"column":43}},{"start":{"line":50,"column":47},"end":{"line":50,"column":51}}]},"23":{"loc":{"start":{"line":57,"column":2},"end":{"line":57,"column":53}},"type":"if","locations":[{"start":{"line":57,"column":2},"end":{"line":57,"column":53}}]},"24":{"loc":{"start":{"line":58,"column":2},"end":{"line":58,"column":72}},"type":"if","locations":[{"start":{"line":58,"column":2},"end":{"line":58,"column":72}}]},"25":{"loc":{"start":{"line":65,"column":2},"end":{"line":65,"column":57}},"type":"if","locations":[{"start":{"line":65,"column":2},"end":{"line":65,"column":57}}]},"26":{"loc":{"start":{"line":74,"column":2},"end":{"line":74,"column":53}},"type":"if","locations":[{"start":{"line":74,"column":2},"end":{"line":74,"column":53}}]}},"s":{"0":4,"1":4,"2":4,"3":4,"4":4,"5":4,"6":4,"7":0,"8":0,"9":0,"10":0,"11":0,"12":0,"13":0,"14":0,"15":0,"16":0,"17":0,"18":0,"19":0,"20":0,"21":0,"22":0,"23":0,"24":0,"25":0,"26":0,"27":0,"28":0,"29":0,"30":0,"31":0,"32":0,"33":0},"f":{"0":0,"1":0,"2":0,"3":0,"4":0,"5":0},"b":{"0":[0],"1":[0],"2":[0,0],"3":[0,0],"4":[0,0],"5":[0,0],"6":[0,0],"7":[0,0],"8":[0,0],"9":[0,0],"10":[0,0],"11":[0],"12":[0],"13":[0,0],"14":[0,0],"15":[0,0],"16":[0,0],"17":[0,0],"18":[0,0],"19":[0,0],"20":[0,0],"21":[0,0],"22":[0,0],"23":[0],"24":[0],"25":[0],"26":[0]}}
,"/Users/barasall/plateforme-de-suivi-de-l-insertion-de-l-UNCHK/backend/src/services/superviseur.service.ts": {"path":"/Users/barasall/plateforme-de-suivi-de-l-insertion-de-l-UNCHK/backend/src/services/superviseur.service.ts","statementMap":{"0":{"start":{"line":9,"column":0},"end":{"line":9,"column":7}},"1":{"start":{"line":35,"column":0},"end":{"line":35,"column":7}},"2":{"start":{"line":56,"column":0},"end":{"line":56,"column":7}},"3":{"start":{"line":80,"column":0},"end":{"line":80,"column":7}},"4":{"start":{"line":101,"column":0},"end":{"line":101,"column":7}},"5":{"start":{"line":115,"column":0},"end":{"line":115,"column":7}},"6":{"start":{"line":218,"column":0},"end":{"line":218,"column":7}},"7":{"start":{"line":235,"column":0},"end":{"line":235,"column":7}},"8":{"start":{"line":1,"column":0},"end":{"line":1,"column":39}},"9":{"start":{"line":2,"column":0},"end":{"line":2,"column":24}},"10":{"start":{"line":4,"column":26},"end":{"line":7,"column":9}},"11":{"start":{"line":10,"column":22},"end":{"line":30,"column":4}},"12":{"start":{"line":31,"column":2},"end":{"line":31,"column":63}},"13":{"start":{"line":31,"column":20},"end":{"line":31,"column":63}},"14":{"start":{"line":32,"column":2},"end":{"line":32,"column":21}},"15":{"start":{"line":36,"column":2},"end":{"line":53,"column":5}},"16":{"start":{"line":57,"column":2},"end":{"line":57,"column":56}},"17":{"start":{"line":57,"column":19},"end":{"line":57,"column":56}},"18":{"start":{"line":59,"column":22},"end":{"line":61,"column":4}},"19":{"start":{"line":64,"column":2},"end":{"line":77,"column":5}},"20":{"start":{"line":85,"column":21},"end":{"line":85,"column":61}},"21":{"start":{"line":86,"column":2},"end":{"line":88,"column":3}},"22":{"start":{"line":87,"column":4},"end":{"line":87,"column":56}},"23":{"start":{"line":90,"column":22},"end":{"line":92,"column":4}},"24":{"start":{"line":93,"column":2},"end":{"line":93,"column":62}},"25":{"start":{"line":93,"column":20},"end":{"line":93,"column":62}},"26":{"start":{"line":95,"column":2},"end":{"line":98,"column":5}},"27":{"start":{"line":102,"column":22},"end":{"line":102,"column":84}},"28":{"start":{"line":103,"column":2},"end":{"line":103,"column":63}},"29":{"start":{"line":103,"column":20},"end":{"line":103,"column":63}},"30":{"start":{"line":104,"column":2},"end":{"line":112,"column":5}},"31":{"start":{"line":124,"column":6},"end":{"line":144,"column":4}},"32":{"start":{"line":147,"column":56},"end":{"line":153,"column":4}},"33":{"start":{"line":154,"column":2},"end":{"line":157,"column":3}},"34":{"start":{"line":155,"column":17},"end":{"line":155,"column":64}},"35":{"start":{"line":156,"column":4},"end":{"line":156,"column":67}},"36":{"start":{"line":156,"column":38},"end":{"line":156,"column":67}},"37":{"start":{"line":159,"column":30},"end":{"line":159,"column":49}},"38":{"start":{"line":160,"column":30},"end":{"line":160,"column":73}},"39":{"start":{"line":160,"column":55},"end":{"line":160,"column":65}},"40":{"start":{"line":161,"column":30},"end":{"line":161,"column":31}},"41":{"start":{"line":162,"column":30},"end":{"line":162,"column":31}},"42":{"start":{"line":163,"column":30},"end":{"line":163,"column":31}},"43":{"start":{"line":165,"column":55},"end":{"line":171,"column":4}},"44":{"start":{"line":173,"column":2},"end":{"line":181,"column":3}},"45":{"start":{"line":174,"column":4},"end":{"line":178,"column":5}},"46":{"start":{"line":175,"column":6},"end":{"line":175,"column":26}},"47":{"start":{"line":176,"column":6},"end":{"line":176,"column":85}},"48":{"start":{"line":176,"column":61},"end":{"line":176,"column":85}},"49":{"start":{"line":177,"column":6},"end":{"line":177,"column":84}},"50":{"start":{"line":177,"column":62},"end":{"line":177,"column":84}},"51":{"start":{"line":179,"column":17},"end":{"line":179,"column":73}},"52":{"start":{"line":180,"column":4},"end":{"line":180,"column":65}},"53":{"start":{"line":180,"column":37},"end":{"line":180,"column":65}},"54":{"start":{"line":185,"column":4},"end":{"line":187,"column":53}},"55":{"start":{"line":190,"column":4},"end":{"line":192,"column":54}},"56":{"start":{"line":194,"column":2},"end":{"line":215,"column":4}},"57":{"start":{"line":219,"column":2},"end":{"line":232,"column":5}},"58":{"start":{"line":236,"column":22},"end":{"line":236,"column":91}},"59":{"start":{"line":237,"column":2},"end":{"line":237,"column":63}},"60":{"start":{"line":237,"column":20},"end":{"line":237,"column":63}},"61":{"start":{"line":238,"column":19},"end":{"line":240,"column":4}},"62":{"start":{"line":241,"column":2},"end":{"line":241,"column":62}},"63":{"start":{"line":241,"column":16},"end":{"line":241,"column":62}},"64":{"start":{"line":242,"column":2},"end":{"line":244,"column":5}}},"fnMap":{"0":{"name":"getProfilSuperviseur","decl":{"start":{"line":9,"column":22},"end":{"line":9,"column":42}},"loc":{"start":{"line":9,"column":57},"end":{"line":33,"column":1}}},"1":{"name":"getMesEtudiants","decl":{"start":{"line":35,"column":22},"end":{"line":35,"column":37}},"loc":{"start":{"line":35,"column":52},"end":{"line":54,"column":1}}},"2":{"name":"getDetailEtudiant","decl":{"start":{"line":56,"column":22},"end":{"line":56,"column":39}},"loc":{"start":{"line":56,"column":81},"end":{"line":78,"column":1}}},"3":{"name":"ajouterCommentaire","decl":{"start":{"line":80,"column":22},"end":{"line":80,"column":40}},"loc":{"start":{"line":83,"column":21},"end":{"line":99,"column":1}}},"4":{"name":"updateProfilSuperviseur","decl":{"start":{"line":101,"column":22},"end":{"line":101,"column":45}},"loc":{"start":{"line":101,"column":71},"end":{"line":113,"column":1}}},"5":{"name":"getStatsSuperviseur","decl":{"start":{"line":115,"column":22},"end":{"line":115,"column":41}},"loc":{"start":{"line":115,"column":56},"end":{"line":216,"column":1}}},"6":{"name":"(anonymous_6)","decl":{"start":{"line":160,"column":50},"end":{"line":160,"column":51}},"loc":{"start":{"line":160,"column":55},"end":{"line":160,"column":65}}},"7":{"name":"getTousEtudiants","decl":{"start":{"line":218,"column":22},"end":{"line":218,"column":38}},"loc":{"start":{"line":218,"column":38},"end":{"line":233,"column":1}}},"8":{"name":"creerSupervision","decl":{"start":{"line":235,"column":22},"end":{"line":235,"column":38}},"loc":{"start":{"line":235,"column":80},"end":{"line":245,"column":1}}}},"branchMap":{"0":{"loc":{"start":{"line":31,"column":2},"end":{"line":31,"column":63}},"type":"if","locations":[{"start":{"line":31,"column":2},"end":{"line":31,"column":63}}]},"1":{"loc":{"start":{"line":57,"column":2},"end":{"line":57,"column":56}},"type":"if","locations":[{"start":{"line":57,"column":2},"end":{"line":57,"column":56}}]},"2":{"loc":{"start":{"line":86,"column":2},"end":{"line":88,"column":3}},"type":"if","locations":[{"start":{"line":86,"column":2},"end":{"line":88,"column":3}}]},"3":{"loc":{"start":{"line":93,"column":2},"end":{"line":93,"column":62}},"type":"if","locations":[{"start":{"line":93,"column":2},"end":{"line":93,"column":62}}]},"4":{"loc":{"start":{"line":103,"column":2},"end":{"line":103,"column":63}},"type":"if","locations":[{"start":{"line":103,"column":2},"end":{"line":103,"column":63}}]},"5":{"loc":{"start":{"line":109,"column":19},"end":{"line":109,"column":43}},"type":"binary-expr","locations":[{"start":{"line":109,"column":19},"end":{"line":109,"column":35}},{"start":{"line":109,"column":39},"end":{"line":109,"column":43}}]},"6":{"loc":{"start":{"line":110,"column":17},"end":{"line":110,"column":39}},"type":"binary-expr","locations":[{"start":{"line":110,"column":17},"end":{"line":110,"column":31}},{"start":{"line":110,"column":35},"end":{"line":110,"column":39}}]},"7":{"loc":{"start":{"line":155,"column":17},"end":{"line":155,"column":64}},"type":"binary-expr","locations":[{"start":{"line":155,"column":17},"end":{"line":155,"column":44}},{"start":{"line":155,"column":48},"end":{"line":155,"column":64}}]},"8":{"loc":{"start":{"line":156,"column":4},"end":{"line":156,"column":67}},"type":"if","locations":[{"start":{"line":156,"column":4},"end":{"line":156,"column":67}}]},"9":{"loc":{"start":{"line":176,"column":6},"end":{"line":176,"column":85}},"type":"if","locations":[{"start":{"line":176,"column":6},"end":{"line":176,"column":85}}]},"10":{"loc":{"start":{"line":177,"column":6},"end":{"line":177,"column":84}},"type":"if","locations":[{"start":{"line":177,"column":6},"end":{"line":177,"column":84}}]},"11":{"loc":{"start":{"line":179,"column":17},"end":{"line":179,"column":73}},"type":"binary-expr","locations":[{"start":{"line":179,"column":17},"end":{"line":179,"column":53}},{"start":{"line":179,"column":57},"end":{"line":179,"column":73}}]},"12":{"loc":{"start":{"line":180,"column":4},"end":{"line":180,"column":65}},"type":"if","locations":[{"start":{"line":180,"column":4},"end":{"line":180,"column":65}}]},"13":{"loc":{"start":{"line":185,"column":5},"end":{"line":185,"column":52}},"type":"binary-expr","locations":[{"start":{"line":185,"column":5},"end":{"line":185,"column":45}},{"start":{"line":185,"column":51},"end":{"line":185,"column":52}}]},"14":{"loc":{"start":{"line":186,"column":5},"end":{"line":186,"column":52}},"type":"binary-expr","locations":[{"start":{"line":186,"column":5},"end":{"line":186,"column":45}},{"start":{"line":186,"column":51},"end":{"line":186,"column":52}}]},"15":{"loc":{"start":{"line":187,"column":5},"end":{"line":187,"column":52}},"type":"binary-expr","locations":[{"start":{"line":187,"column":5},"end":{"line":187,"column":47}},{"start":{"line":187,"column":51},"end":{"line":187,"column":52}}]},"16":{"loc":{"start":{"line":190,"column":5},"end":{"line":190,"column":53}},"type":"binary-expr","locations":[{"start":{"line":190,"column":5},"end":{"line":190,"column":46}},{"start":{"line":190,"column":52},"end":{"line":190,"column":53}}]},"17":{"loc":{"start":{"line":191,"column":5},"end":{"line":191,"column":53}},"type":"binary-expr","locations":[{"start":{"line":191,"column":5},"end":{"line":191,"column":46}},{"start":{"line":191,"column":52},"end":{"line":191,"column":53}}]},"18":{"loc":{"start":{"line":192,"column":5},"end":{"line":192,"column":53}},"type":"binary-expr","locations":[{"start":{"line":192,"column":5},"end":{"line":192,"column":48}},{"start":{"line":192,"column":52},"end":{"line":192,"column":53}}]},"19":{"loc":{"start":{"line":202,"column":19},"end":{"line":204,"column":9}},"type":"cond-expr","locations":[{"start":{"line":203,"column":8},"end":{"line":203,"column":63}},{"start":{"line":204,"column":8},"end":{"line":204,"column":9}}]},"20":{"loc":{"start":{"line":211,"column":28},"end":{"line":213,"column":9}},"type":"cond-expr","locations":[{"start":{"line":212,"column":8},"end":{"line":212,"column":71}},{"start":{"line":213,"column":8},"end":{"line":213,"column":9}}]},"21":{"loc":{"start":{"line":237,"column":2},"end":{"line":237,"column":63}},"type":"if","locations":[{"start":{"line":237,"column":2},"end":{"line":237,"column":63}}]},"22":{"loc":{"start":{"line":241,"column":2},"end":{"line":241,"column":62}},"type":"if","locations":[{"start":{"line":241,"column":2},"end":{"line":241,"column":62}}]}},"s":{"0":4,"1":4,"2":4,"3":4,"4":4,"5":4,"6":4,"7":4,"8":4,"9":4,"10":4,"11":0,"12":0,"13":0,"14":0,"15":0,"16":0,"17":0,"18":0,"19":0,"20":0,"21":0,"22":0,"23":0,"24":0,"25":0,"26":0,"27":0,"28":0,"29":0,"30":0,"31":0,"32":0,"33":0,"34":0,"35":0,"36":0,"37":0,"38":0,"39":0,"40":0,"41":0,"42":0,"43":0,"44":0,"45":0,"46":0,"47":0,"48":0,"49":0,"50":0,"51":0,"52":0,"53":0,"54":0,"55":0,"56":0,"57":0,"58":0,"59":0,"60":0,"61":0,"62":0,"63":0,"64":0},"f":{"0":0,"1":0,"2":0,"3":0,"4":0,"5":0,"6":0,"7":0,"8":0},"b":{"0":[0],"1":[0],"2":[0],"3":[0],"4":[0],"5":[0,0],"6":[0,0],"7":[0,0],"8":[0],"9":[0],"10":[0],"11":[0,0],"12":[0],"13":[0,0],"14":[0,0],"15":[0,0],"16":[0,0],"17":[0,0],"18":[0,0],"19":[0,0],"20":[0,0],"21":[0],"22":[0]}}
,"/Users/barasall/plateforme-de-suivi-de-l-insertion-de-l-UNCHK/backend/src/types/multer-storage-cloudinary.d.ts": {"path":"/Users/barasall/plateforme-de-suivi-de-l-insertion-de-l-UNCHK/backend/src/types/multer-storage-cloudinary.d.ts","statementMap":{},"fnMap":{},"branchMap":{},"s":{},"f":{},"b":{}}
}
