TN:
SF:src/index.ts
FN:37,(anonymous_1)
FN:41,(anonymous_2)
FN:55,(anonymous_3)
FN:63,(anonymous_4)
FN:79,(anonymous_5)
FN:95,(anonymous_6)
FN:104,(anonymous_7)
FN:107,(anonymous_8)
FN:112,(anonymous_9)
FN:121,(anonymous_10)
FNF:10
FNH:4
FNDA:20,(anonymous_1)
FNDA:42,(anonymous_2)
FNDA:0,(anonymous_3)
FNDA:7,(anonymous_4)
FNDA:0,(anonymous_5)
FNDA:0,(anonymous_6)
FNDA:0,(anonymous_7)
FNDA:0,(anonymous_8)
FNDA:4,(anonymous_9)
FNDA:0,(anonymous_10)
DA:1,4
DA:2,4
DA:3,4
DA:4,4
DA:5,4
DA:6,4
DA:7,4
DA:8,4
DA:9,4
DA:10,4
DA:11,4
DA:13,4
DA:15,4
DA:16,0
DA:17,0
DA:20,4
DA:21,4
DA:22,4
DA:23,4
DA:24,4
DA:25,4
DA:26,4
DA:27,4
DA:28,4
DA:29,4
DA:30,4
DA:31,4
DA:33,4
DA:34,4
DA:36,4
DA:37,20
DA:39,4
DA:40,4
DA:42,42
DA:43,42
DA:45,0
DA:52,4
DA:53,0
DA:55,0
DA:59,4
DA:60,4
DA:61,4
DA:63,4
DA:64,7
DA:73,4
DA:74,4
DA:79,4
DA:82,4
DA:83,4
DA:84,4
DA:85,4
DA:86,4
DA:87,4
DA:88,4
DA:89,4
DA:90,4
DA:91,4
DA:92,4
DA:93,4
DA:95,4
DA:96,0
DA:97,0
DA:98,0
DA:101,0
DA:104,4
DA:105,0
DA:107,4
DA:108,0
DA:109,0
DA:112,4
DA:113,4
DA:115,4
DA:116,0
DA:117,0
DA:121,4
DA:123,4
LF:76
LH:62
BRDA:15,0,0,0
BRDA:34,1,0,4
BRDA:34,1,1,0
BRDA:36,2,0,4
BRDA:36,2,1,0
BRDA:36,2,2,0
BRDA:42,3,0,42
BRDA:42,3,1,0
BRDA:42,4,0,42
BRDA:42,4,1,0
BRDA:52,5,0,0
BRDA:73,6,0,4
BRDA:73,7,0,4
BRDA:73,7,1,0
BRDA:96,8,0,0
BRDA:96,8,1,0
BRDA:97,9,0,0
BRDA:97,9,1,0
BRDA:97,9,2,0
BRDA:98,10,0,0
BRDA:98,10,1,0
BRDA:115,11,0,0
BRF:22
BRH:6
end_of_record
TN:
SF:src/controllers/admin.controller.ts
FN:9,getStats
FN:18,getStatsAvancees
FN:36,getEntreprises
FN:45,validerEntreprise
FN:56,rejeterEntreprise
FN:66,getUtilisateurs
FN:75,toggleUtilisateur
FN:85,getOffresEnAttente
FN:94,validerOffre
FN:107,getSuperviseurs
FN:116,creerSuperviseur
FN:126,modifierSuperviseur
FN:136,supprimerSuperviseur
FN:148,getSupervisions
FN:157,assignerSupervision
FN:168,supprimerSupervision
FN:179,getEtudiantsSansSupervision
FN:187,marquerDiplome
FN:203,getNonRepondants
FN:212,relancerDiplomes
FN:221,signalerStatut
FN:235,validerStatut
FNF:22
FNH:5
FNDA:2,getStats
FNDA:0,getStatsAvancees
FNDA:1,getEntreprises
FNDA:3,validerEntreprise
FNDA:0,rejeterEntreprise
FNDA:0,getUtilisateurs
FNDA:2,toggleUtilisateur
FNDA:0,getOffresEnAttente
FNDA:0,validerOffre
FNDA:1,getSuperviseurs
FNDA:0,creerSuperviseur
FNDA:0,modifierSuperviseur
FNDA:0,supprimerSuperviseur
FNDA:0,getSupervisions
FNDA:0,assignerSupervision
FNDA:0,supprimerSupervision
FNDA:0,getEtudiantsSansSupervision
FNDA:0,marquerDiplome
FNDA:0,getNonRepondants
FNDA:0,relancerDiplomes
FNDA:0,signalerStatut
FNDA:0,validerStatut
DA:3,4
DA:4,4
DA:5,4
DA:6,4
DA:7,4
DA:9,4
DA:10,2
DA:11,2
DA:12,2
DA:14,0
DA:18,4
DA:19,0
DA:20,0
DA:21,0
DA:29,0
DA:30,0
DA:32,0
DA:36,4
DA:37,1
DA:38,1
DA:39,1
DA:41,0
DA:45,4
DA:46,3
DA:47,3
DA:48,1
DA:49,1
DA:50,1
DA:52,2
DA:56,4
DA:57,0
DA:58,0
DA:59,0
DA:60,0
DA:62,0
DA:66,4
DA:67,0
DA:68,0
DA:69,0
DA:71,0
DA:75,4
DA:76,2
DA:77,2
DA:78,1
DA:79,1
DA:81,1
DA:85,4
DA:86,0
DA:87,0
DA:88,0
DA:90,0
DA:94,4
DA:95,0
DA:96,0
DA:97,0
DA:98,0
DA:99,0
DA:101,0
DA:107,4
DA:108,1
DA:109,1
DA:110,1
DA:112,0
DA:116,4
DA:117,0
DA:118,0
DA:119,0
DA:120,0
DA:122,0
DA:126,4
DA:127,0
DA:128,0
DA:129,0
DA:130,0
DA:132,0
DA:136,4
DA:137,0
DA:138,0
DA:139,0
DA:140,0
DA:142,0
DA:148,4
DA:149,0
DA:150,0
DA:151,0
DA:153,0
DA:157,4
DA:158,0
DA:159,0
DA:160,0
DA:161,0
DA:162,0
DA:164,0
DA:168,4
DA:169,0
DA:170,0
DA:171,0
DA:172,0
DA:173,0
DA:175,0
DA:179,4
DA:180,0
DA:181,0
DA:182,0
DA:184,0
DA:187,4
DA:188,0
DA:189,0
DA:190,0
DA:191,0
DA:192,0
DA:193,0
DA:197,0
DA:199,0
DA:203,4
DA:204,0
DA:205,0
DA:206,0
DA:208,0
DA:212,4
DA:213,0
DA:214,0
DA:215,0
DA:217,0
DA:221,4
DA:222,0
DA:223,0
DA:224,0
DA:225,0
DA:229,0
DA:231,0
DA:235,4
DA:236,0
DA:237,0
DA:238,0
DA:242,0
DA:243,0
DA:245,0
LF:138
LH:47
BRDA:27,0,0,0
BRDA:27,0,1,0
BRDA:191,1,0,0
BRDA:192,2,0,0
BRF:4
BRH:0
end_of_record
TN:
SF:src/controllers/auth.controller.ts
FN:29,register
FN:45,login
FN:61,refresh
FN:75,logout
FN:87,me
FNF:5
FNH:2
FNDA:5,register
FNDA:3,login
FNDA:0,refresh
FNDA:0,logout
FNDA:0,me
DA:2,4
DA:3,4
DA:6,4
DA:24,4
DA:29,4
DA:30,5
DA:31,5
DA:32,5
DA:33,5
DA:34,5
DA:35,5
DA:37,0
DA:38,0
DA:39,0
DA:41,0
DA:45,4
DA:46,3
DA:47,3
DA:48,3
DA:49,3
DA:50,3
DA:51,3
DA:53,0
DA:54,0
DA:55,0
DA:57,0
DA:61,4
DA:62,0
DA:63,0
DA:64,0
DA:65,0
DA:66,0
DA:68,0
DA:69,0
DA:71,0
DA:75,4
DA:76,0
DA:77,0
DA:78,0
DA:79,0
DA:81,0
DA:83,0
DA:87,4
DA:88,0
LF:44
LH:21
BRDA:31,0,0,5
BRDA:33,1,0,5
BRDA:33,1,1,0
BRDA:47,2,0,3
BRDA:49,3,0,3
BRDA:49,3,1,0
BRDA:64,4,0,0
BRDA:78,5,0,0
BRDA:78,6,0,0
BRDA:78,6,1,0
BRF:10
BRH:4
end_of_record
TN:
SF:src/controllers/candidatures.controller.ts
FN:7,resolveEtudiantId
FN:13,postuler
FN:23,getMesCandidatures
FN:33,getCandidaturesOffre
FN:42,getToutesCandidatures
FN:51,changerStatut
FN:60,retirerCandidature
FN:70,getProfilCandidat
FNF:8
FNH:0
FNDA:0,resolveEtudiantId
FNDA:0,postuler
FNDA:0,getMesCandidatures
FNDA:0,getCandidaturesOffre
FNDA:0,getToutesCandidatures
FNDA:0,changerStatut
FNDA:0,retirerCandidature
FNDA:0,getProfilCandidat
DA:3,4
DA:4,4
DA:8,0
DA:9,0
DA:10,0
DA:13,4
DA:14,0
DA:15,0
DA:16,0
DA:17,0
DA:19,0
DA:23,4
DA:24,0
DA:25,0
DA:26,0
DA:27,0
DA:29,0
DA:33,4
DA:34,0
DA:35,0
DA:36,0
DA:38,0
DA:42,4
DA:43,0
DA:44,0
DA:45,0
DA:47,0
DA:51,4
DA:52,0
DA:53,0
DA:54,0
DA:56,0
DA:60,4
DA:61,0
DA:62,0
DA:63,0
DA:64,0
DA:66,0
DA:70,4
DA:71,0
DA:72,0
DA:73,0
DA:75,0
LF:43
LH:9
BRDA:9,0,0,0
BRF:1
BRH:0
end_of_record
TN:
SF:src/controllers/competences.controller.ts
FN:5,getAllCompetences
FN:14,createCompetence
FN:23,getMesCompetences
FN:32,ajouterCompetence
FN:41,modifierNiveau
FN:54,supprimerCompetence
FNF:6
FNH:0
FNDA:0,getAllCompetences
FNDA:0,createCompetence
FNDA:0,getMesCompetences
FNDA:0,ajouterCompetence
FNDA:0,modifierNiveau
FNDA:0,supprimerCompetence
DA:3,4
DA:5,4
DA:6,0
DA:7,0
DA:8,0
DA:10,0
DA:14,4
DA:15,0
DA:16,0
DA:17,0
DA:19,0
DA:23,4
DA:24,0
DA:25,0
DA:26,0
DA:28,0
DA:32,4
DA:33,0
DA:34,0
DA:35,0
DA:37,0
DA:41,4
DA:42,0
DA:43,0
DA:48,0
DA:50,0
DA:54,4
DA:55,0
DA:56,0
DA:60,0
DA:62,0
LF:31
LH:7
BRF:0
BRH:0
end_of_record
TN:
SF:src/controllers/messagerie.controller.ts
FN:5,getOuCreerConversation
FN:15,getMesConversations
FN:24,getMessages
FN:36,envoyerMessage
FN:49,getNombreMsgNonLus
FNF:5
FNH:0
FNDA:0,getOuCreerConversation
FNDA:0,getMesConversations
FNDA:0,getMessages
FNDA:0,envoyerMessage
FNDA:0,getNombreMsgNonLus
DA:3,4
DA:5,4
DA:6,0
DA:7,0
DA:8,0
DA:9,0
DA:11,0
DA:15,4
DA:16,0
DA:17,0
DA:18,0
DA:20,0
DA:24,4
DA:25,0
DA:26,0
DA:30,0
DA:32,0
DA:36,4
DA:37,0
DA:38,0
DA:43,0
DA:45,0
DA:49,4
DA:50,0
DA:51,0
DA:52,0
DA:54,0
LF:27
LH:6
BRF:0
BRH:0
end_of_record
TN:
SF:src/controllers/notifications.controller.ts
FN:5,getNotifications
FN:15,marquerCommeLue
FN:24,marquerToutesCommeLues
FNF:3
FNH:0
FNDA:0,getNotifications
FNDA:0,marquerCommeLue
FNDA:0,marquerToutesCommeLues
DA:3,4
DA:5,4
DA:6,0
DA:7,0
DA:8,0
DA:9,0
DA:11,0
DA:15,4
DA:16,0
DA:17,0
DA:18,0
DA:20,0
DA:24,4
DA:25,0
DA:26,0
DA:27,0
DA:29,0
LF:17
LH:4
BRF:0
BRH:0
end_of_record
TN:
SF:src/controllers/offres.controller.ts
FN:7,invalidateOffresCache
FN:13,getOffres
FN:22,getOffreById
FN:31,createOffre
FN:41,updateOffre
FN:51,deleteOffre
FN:61,validerOffre
FN:70,getMesOffres
FN:79,soumettreOffre
FNF:9
FNH:4
FNDA:1,invalidateOffresCache
FNDA:4,getOffres
FNDA:2,getOffreById
FNDA:1,createOffre
FNDA:0,updateOffre
FNDA:0,deleteOffre
FNDA:0,validerOffre
FNDA:0,getMesOffres
FNDA:0,soumettreOffre
DA:3,4
DA:4,4
DA:8,1
DA:9,1
DA:10,1
DA:13,4
DA:14,4
DA:15,4
DA:16,4
DA:18,0
DA:22,4
DA:23,2
DA:24,2
DA:25,1
DA:27,1
DA:31,4
DA:32,1
DA:33,1
DA:34,1
DA:35,1
DA:37,0
DA:41,4
DA:42,0
DA:43,0
DA:44,0
DA:45,0
DA:47,0
DA:51,4
DA:52,0
DA:53,0
DA:54,0
DA:55,0
DA:57,0
DA:61,4
DA:62,0
DA:63,0
DA:64,0
DA:66,0
DA:70,4
DA:71,0
DA:72,0
DA:73,0
DA:75,0
DA:79,4
DA:80,0
DA:81,0
DA:82,0
DA:83,0
DA:85,0
LF:49
LH:24
BRDA:9,0,0,0
BRF:1
BRH:0
end_of_record
TN:
SF:src/controllers/profil.controller.ts
FN:5,getProfil
FN:22,updateProfil
FNF:2
FNH:0
FNDA:0,getProfil
FNDA:0,updateProfil
DA:3,4
DA:5,4
DA:6,0
DA:8,0
DA:9,0
DA:10,0
DA:11,0
DA:13,0
DA:14,0
DA:16,0
DA:18,0
DA:22,4
DA:23,0
DA:25,0
DA:26,0
DA:27,0
DA:28,0
DA:30,0
DA:31,0
DA:33,0
DA:35,0
LF:21
LH:3
BRDA:8,0,0,0
BRDA:8,0,1,0
BRDA:8,1,0,0
BRDA:8,1,1,0
BRDA:10,2,0,0
BRDA:10,2,1,0
BRDA:25,3,0,0
BRDA:25,3,1,0
BRDA:25,4,0,0
BRDA:25,4,1,0
BRDA:27,5,0,0
BRDA:27,5,1,0
BRF:12
BRH:0
end_of_record
TN:
SF:src/controllers/statutProfessionnel.controller.ts
FN:7,resolveEtudiantId
FN:13,getMesStatuts
FN:23,declarer
FN:33,modifier
FN:43,supprimer
FN:53,getStatutsParEtudiant
FN:62,validerStatut
FNF:7
FNH:0
FNDA:0,resolveEtudiantId
FNDA:0,getMesStatuts
FNDA:0,declarer
FNDA:0,modifier
FNDA:0,supprimer
FNDA:0,getStatutsParEtudiant
FNDA:0,validerStatut
DA:3,4
DA:4,4
DA:8,0
DA:9,0
DA:10,0
DA:13,4
DA:14,0
DA:15,0
DA:16,0
DA:17,0
DA:19,0
DA:23,4
DA:24,0
DA:25,0
DA:26,0
DA:27,0
DA:29,0
DA:33,4
DA:34,0
DA:35,0
DA:36,0
DA:37,0
DA:39,0
DA:43,4
DA:44,0
DA:45,0
DA:46,0
DA:47,0
DA:49,0
DA:53,4
DA:54,0
DA:55,0
DA:56,0
DA:58,0
DA:62,4
DA:63,0
DA:64,0
DA:65,0
DA:67,0
LF:39
LH:8
BRDA:9,0,0,0
BRF:1
BRH:0
end_of_record
TN:
SF:src/controllers/superviseur.controller.ts
FN:5,getProfilSuperviseur
FN:14,getMesEtudiants
FN:23,getDetailEtudiant
FN:33,ajouterCommentaire
FN:47,updateProfilSuperviseur
FN:56,getStatsSuperviseur
FN:65,getTousEtudiants
FN:73,(anonymous_16)
FNF:8
FNH:0
FNDA:0,getProfilSuperviseur
FNDA:0,getMesEtudiants
FNDA:0,getDetailEtudiant
FNDA:0,ajouterCommentaire
FNDA:0,updateProfilSuperviseur
FNDA:0,getStatsSuperviseur
FNDA:0,getTousEtudiants
FNDA:0,(anonymous_16)
DA:3,4
DA:5,4
DA:6,0
DA:7,0
DA:8,0
DA:10,0
DA:14,4
DA:15,0
DA:16,0
DA:17,0
DA:19,0
DA:23,4
DA:24,0
DA:25,0
DA:26,0
DA:27,0
DA:29,0
DA:33,4
DA:34,0
DA:35,0
DA:36,0
DA:41,0
DA:43,0
DA:47,4
DA:48,0
DA:49,0
DA:50,0
DA:52,0
DA:56,4
DA:57,0
DA:58,0
DA:59,0
DA:61,0
DA:65,4
DA:66,0
DA:67,0
DA:68,0
DA:70,0
DA:73,4
DA:74,0
DA:75,0
DA:76,0
DA:77,0
DA:78,0
DA:79,0
DA:81,0
LF:46
LH:9
BRDA:77,0,0,0
BRF:1
BRH:0
end_of_record
TN:
SF:src/controllers/upload.controller.ts
FN:19,uploadFichier
FN:78,uploadDocument
FNF:2
FNH:0
FNDA:0,uploadFichier
FNDA:0,uploadDocument
DA:3,4
DA:5,4
DA:7,4
DA:15,4
DA:17,4
DA:19,4
DA:20,0
DA:21,0
DA:22,0
DA:23,0
DA:26,0
DA:27,0
DA:28,0
DA:29,0
DA:31,0
DA:34,0
DA:35,0
DA:36,0
DA:40,0
DA:44,0
DA:45,0
DA:46,0
DA:49,0
DA:51,0
DA:52,0
DA:56,0
DA:57,0
DA:63,0
DA:74,0
DA:78,4
DA:79,0
DA:80,0
DA:81,0
DA:82,0
DA:85,0
DA:86,0
DA:87,0
DA:91,0
DA:94,0
DA:95,0
DA:96,0
DA:99,0
DA:100,0
DA:110,0
LF:44
LH:7
BRDA:21,0,0,0
BRDA:27,1,0,0
BRDA:34,2,0,0
BRDA:34,2,1,0
BRDA:35,3,0,0
BRDA:44,4,0,0
BRDA:51,5,0,0
BRDA:51,5,1,0
BRDA:56,6,0,0
BRDA:80,7,0,0
BRDA:86,8,0,0
BRDA:94,9,0,0
BRF:12
BRH:0
end_of_record
TN:
SF:src/jobs/purge.job.ts
FN:17,startPurgeJobs
FN:19,(anonymous_2)
FN:37,(anonymous_3)
FNF:3
FNH:0
FNDA:0,startPurgeJobs
FNDA:0,(anonymous_2)
FNDA:0,(anonymous_3)
DA:9,4
DA:10,4
DA:11,4
DA:17,4
DA:19,0
DA:20,0
DA:21,0
DA:22,0
DA:25,0
DA:27,0
DA:37,0
DA:38,0
DA:39,0
DA:40,0
DA:43,0
DA:45,0
DA:54,0
LF:17
LH:4
BRF:0
BRH:0
end_of_record
TN:
SF:src/jobs/relance.job.ts
FN:5,getUnAn
FN:11,creerNotificationRelance
FN:24,startRelanceJob
FN:25,(anonymous_4)
FN:58,relancerManuellement
FN:83,getNonRepondants
FNF:6
FNH:0
FNDA:0,getUnAn
FNDA:0,creerNotificationRelance
FNDA:0,startRelanceJob
FNDA:0,(anonymous_4)
FNDA:0,relancerManuellement
FNDA:0,getNonRepondants
DA:1,4
DA:2,4
DA:3,4
DA:6,0
DA:7,0
DA:8,0
DA:12,0
DA:24,4
DA:25,0
DA:26,0
DA:27,0
DA:28,0
DA:29,0
DA:31,0
DA:44,0
DA:45,0
DA:46,0
DA:49,0
DA:51,0
DA:55,0
DA:58,4
DA:59,0
DA:60,0
DA:62,0
DA:75,0
DA:76,0
DA:77,0
DA:80,0
DA:83,4
DA:84,0
DA:86,0
LF:31
LH:6
BRDA:45,0,0,0
BRDA:45,0,1,0
BRDA:76,1,0,0
BRDA:76,1,1,0
BRF:4
BRH:0
end_of_record
TN:
SF:src/lib/cloudinary.ts
FN:29,(anonymous_1)
FN:6,configureCloudinary
FN:24,isCloudinaryEnabled
FNF:3
FNH:2
FNDA:0,(anonymous_1)
FNDA:4,configureCloudinary
FNDA:4,isCloudinaryEnabled
DA:1,4
DA:2,4
DA:4,4
DA:7,4
DA:8,4
DA:10,4
DA:11,0
DA:17,0
DA:18,0
DA:20,4
DA:24,4
DA:25,4
DA:26,4
DA:29,4
LF:14
LH:11
BRDA:7,0,0,0
BRDA:10,1,0,0
BRDA:10,1,1,4
BRDA:10,2,0,4
BRDA:10,2,1,4
BRDA:10,2,2,0
BRDA:10,2,3,0
BRF:7
BRH:3
end_of_record
TN:
SF:src/lib/logger.ts
FN:13,(anonymous_1)
FN:67,auditLog
FNF:2
FNH:0
FNDA:0,(anonymous_1)
FNDA:0,auditLog
DA:1,2
DA:2,2
DA:3,2
DA:6,2
DA:7,2
DA:8,0
DA:11,2
DA:13,2
DA:14,0
DA:15,0
DA:18,2
DA:67,2
DA:73,0
DA:82,2
LF:14
LH:10
BRDA:7,0,0,0
BRDA:14,1,0,0
BRDA:14,1,1,0
BRDA:19,2,0,2
BRDA:19,2,1,2
BRDA:19,3,0,0
BRDA:19,3,1,2
BRDA:76,4,0,0
BRDA:76,4,1,0
BRF:9
BRH:3
end_of_record
TN:
SF:src/lib/prisma.ts
FNF:0
FNH:0
DA:1,1
DA:3,1
DA:7,1
DA:15,1
DA:16,1
LF:5
LH:5
BRDA:8,0,0,1
BRDA:8,0,1,1
BRDA:10,1,0,0
BRDA:10,1,1,1
BRDA:15,2,0,1
BRF:5
BRH:4
end_of_record
TN:
SF:src/lib/redis.ts
FN:10,getRedisClient
FN:26,(anonymous_2)
FN:27,(anonymous_3)
FN:34,cacheGet
FN:47,cacheSet
FN:58,cacheInvalidate
FNF:6
FNH:4
FNDA:17,getRedisClient
FNDA:0,(anonymous_2)
FNDA:0,(anonymous_3)
FNDA:8,cacheGet
FNDA:7,cacheSet
FNDA:2,cacheInvalidate
DA:1,4
DA:2,4
DA:4,4
DA:11,17
DA:13,17
DA:14,17
DA:15,17
DA:16,17
DA:19,0
DA:26,0
DA:27,0
DA:29,0
DA:30,0
DA:34,4
DA:35,8
DA:36,8
DA:37,0
DA:38,0
DA:39,0
DA:41,0
DA:42,0
DA:47,4
DA:48,7
DA:49,7
DA:50,0
DA:51,0
DA:53,0
DA:58,4
DA:59,2
DA:60,2
DA:61,0
DA:62,0
DA:63,0
DA:65,0
DA:66,0
DA:67,0
DA:68,0
DA:69,0
DA:72,0
DA:76,0
DA:80,4
LF:41
LH:18
BRDA:11,0,0,0
BRDA:14,1,0,17
BRDA:36,2,0,8
BRDA:39,3,0,0
BRDA:39,3,1,0
BRDA:47,4,0,0
BRDA:49,5,0,7
BRDA:60,6,0,2
BRDA:63,7,0,0
BRDA:63,7,1,0
BRDA:69,8,0,0
BRF:11
BRH:4
end_of_record
TN:
SF:src/lib/swagger.ts
FNF:0
FNH:0
DA:1,4
DA:3,4
DA:211,4
LF:3
LH:3
BRDA:40,0,0,0
BRDA:40,0,1,4
BRDA:43,1,0,0
BRDA:43,1,1,4
BRF:4
BRH:2
end_of_record
TN:
SF:src/middlewares/auth.middleware.ts
FN:14,authenticate
FN:30,authorize
FN:31,(anonymous_3)
FNF:3
FNH:3
FNDA:20,authenticate
FNDA:244,authorize
FNDA:12,(anonymous_3)
DA:2,4
DA:5,4
DA:6,0
DA:8,4
DA:14,4
DA:15,20
DA:16,20
DA:17,7
DA:18,7
DA:20,13
DA:21,13
DA:22,13
DA:23,12
DA:24,12
DA:26,1
DA:30,4
DA:31,244
DA:32,12
DA:33,0
DA:34,0
DA:36,12
DA:37,2
DA:38,2
DA:40,10
LF:24
LH:21
BRDA:5,0,0,0
BRDA:16,1,0,7
BRDA:16,2,0,20
BRDA:16,2,1,13
BRDA:32,3,0,0
BRDA:36,4,0,2
BRF:6
BRH:4
end_of_record
TN:
SF:src/middlewares/cache.middleware.ts
FN:12,cacheMiddleware
FN:16,(anonymous_2)
FN:41,(anonymous_3)
FN:44,(anonymous_4)
FNF:4
FNH:3
FNDA:16,cacheMiddleware
FNDA:8,(anonymous_2)
FNDA:8,(anonymous_3)
FNDA:0,(anonymous_4)
DA:2,4
DA:3,4
DA:12,4
DA:16,16
DA:18,8
DA:19,0
DA:20,0
DA:23,8
DA:27,8
DA:28,8
DA:29,8
DA:30,0
DA:31,0
DA:32,0
DA:33,0
DA:40,8
DA:41,8
DA:43,8
DA:44,7
DA:45,7
DA:47,8
DA:50,8
LF:22
LH:16
BRDA:13,0,0,0
BRDA:18,1,0,0
BRDA:23,2,0,0
BRDA:23,2,1,8
BRDA:29,3,0,0
BRDA:43,4,0,7
BRDA:43,5,0,8
BRDA:43,5,1,8
BRF:8
BRH:4
end_of_record
TN:
SF:src/middlewares/upload.middleware.ts
FN:18,(anonymous_1)
FN:26,buildUpload
FN:31,(anonymous_3)
FN:56,(anonymous_4)
FN:57,(anonymous_5)
FNF:5
FNH:1
FNDA:0,(anonymous_1)
FNDA:4,buildUpload
FNDA:0,(anonymous_3)
FNDA:0,(anonymous_4)
FNDA:0,(anonymous_5)
DA:1,4
DA:2,4
DA:3,4
DA:6,4
DA:7,4
DA:9,4
DA:18,4
DA:19,0
DA:20,0
DA:22,0
DA:27,4
DA:29,0
DA:32,0
DA:33,0
DA:42,0
DA:50,4
DA:51,4
DA:52,0
DA:55,4
DA:56,0
DA:58,0
DA:59,0
DA:60,0
DA:64,4
DA:71,4
LF:25
LH:13
BRDA:19,0,0,0
BRDA:19,0,1,0
BRDA:27,1,0,0
BRDA:35,2,0,0
BRDA:35,2,1,0
BRDA:37,3,0,0
BRDA:37,3,1,0
BRDA:51,4,0,0
BRF:8
BRH:0
end_of_record
TN:
SF:src/routes/admin.routes.ts
FN:331,(anonymous_9)
FN:333,(anonymous_10)
FNF:2
FNH:0
FNDA:0,(anonymous_9)
FNDA:0,(anonymous_10)
DA:1,4
DA:2,4
DA:3,4
DA:4,4
DA:6,4
DA:22,4
DA:52,4
DA:65,4
DA:83,4
DA:101,4
DA:121,4
DA:139,4
DA:152,4
DA:170,4
DA:185,4
DA:212,4
DA:230,4
DA:248,4
DA:263,4
DA:276,4
DA:299,4
DA:321,4
DA:324,4
DA:327,4
DA:328,4
DA:331,4
DA:332,0
DA:333,0
DA:334,0
DA:340,0
DA:342,0
DA:346,4
DA:347,4
DA:349,4
LF:34
LH:29
BRF:0
BRH:0
end_of_record
TN:
SF:src/routes/auth.routes.ts
FN:138,(anonymous_10)
FNF:1
FNH:0
FNDA:0,(anonymous_10)
DA:1,4
DA:2,4
DA:3,4
DA:4,4
DA:5,4
DA:7,4
DA:15,4
DA:47,4
DA:75,4
DA:101,4
DA:116,4
DA:135,4
DA:138,4
DA:139,0
DA:140,0
DA:141,0
DA:142,0
DA:143,0
DA:144,0
DA:145,0
DA:146,0
DA:148,0
DA:149,0
DA:150,0
DA:152,0
DA:156,4
LF:26
LH:14
BRDA:141,0,0,0
BRDA:143,1,0,0
BRDA:144,2,0,0
BRF:3
BRH:0
end_of_record
TN:
SF:src/routes/candidatures.routes.ts
FNF:0
FNH:0
DA:1,4
DA:2,4
DA:3,4
DA:5,4
DA:33,4
DA:46,4
DA:61,4
DA:81,4
DA:99,4
DA:127,4
DA:147,4
DA:149,4
LF:12
LH:12
BRF:0
BRH:0
end_of_record
TN:
SF:src/routes/competences.routes.ts
FNF:0
FNH:0
DA:1,4
DA:2,4
DA:3,4
DA:5,4
DA:19,4
DA:44,4
DA:57,4
DA:80,4
DA:107,4
DA:125,4
DA:127,4
LF:11
LH:11
BRF:0
BRH:0
end_of_record
TN:
SF:src/routes/entreprise.routes.ts
FN:10,(anonymous_0)
FN:45,(anonymous_1)
FNF:2
FNH:0
FNDA:0,(anonymous_0)
FNDA:0,(anonymous_1)
DA:1,4
DA:2,4
DA:3,4
DA:7,4
DA:10,4
DA:11,0
DA:12,0
DA:13,0
DA:15,0
DA:18,0
DA:19,0
DA:20,0
DA:24,0
DA:38,0
DA:40,0
DA:45,4
DA:46,0
DA:47,0
DA:50,0
DA:52,0
DA:58,0
DA:60,0
DA:64,4
LF:23
LH:7
BRDA:12,0,0,0
BRDA:12,1,0,0
BRDA:18,2,0,0
BRDA:19,3,0,0
BRDA:20,4,0,0
BRDA:50,5,0,0
BRF:6
BRH:0
end_of_record
TN:
SF:src/routes/messagerie.routes.ts
FNF:0
FNH:0
DA:1,4
DA:2,4
DA:3,4
DA:5,4
DA:28,4
DA:41,4
DA:61,4
DA:88,4
DA:107,4
DA:109,4
LF:10
LH:10
BRF:0
BRH:0
end_of_record
TN:
SF:src/routes/notifications.routes.ts
FNF:0
FNH:0
DA:1,4
DA:2,4
DA:3,4
DA:5,4
DA:36,4
DA:49,4
DA:69,4
DA:71,4
LF:8
LH:8
BRF:0
BRH:0
end_of_record
TN:
SF:src/routes/offres.routes.ts
FNF:0
FNH:0
DA:1,4
DA:2,4
DA:3,4
DA:4,4
DA:6,4
DA:35,4
DA:48,4
DA:68,4
DA:106,4
DA:126,4
DA:146,4
DA:164,4
DA:184,4
DA:186,4
LF:14
LH:14
BRF:0
BRH:0
end_of_record
TN:
SF:src/routes/profil.routes.ts
FNF:0
FNH:0
DA:1,4
DA:2,4
DA:3,4
DA:5,4
DA:21,4
DA:44,4
DA:46,4
LF:7
LH:7
BRF:0
BRH:0
end_of_record
TN:
SF:src/routes/statutProfessionnel.routes.ts
FNF:0
FNH:0
DA:1,4
DA:2,4
DA:3,4
DA:5,4
DA:18,4
DA:46,4
DA:64,4
DA:82,4
DA:100,4
DA:118,4
DA:120,4
LF:11
LH:11
BRF:0
BRH:0
end_of_record
TN:
SF:src/routes/superviseur.routes.ts
FNF:0
FNH:0
DA:1,4
DA:2,4
DA:3,4
DA:5,4
DA:18,4
DA:31,4
DA:45,4
DA:58,4
DA:76,4
DA:94,4
DA:121,4
DA:143,4
DA:145,4
LF:13
LH:13
BRF:0
BRH:0
end_of_record
TN:
SF:src/routes/upload.routes.ts
FNF:0
FNH:0
DA:1,4
DA:2,4
DA:3,4
DA:4,4
DA:6,4
DA:43,4
DA:78,4
DA:80,4
LF:8
LH:8
BRF:0
BRH:0
end_of_record
TN:
SF:src/services/admin.service.ts
FN:4,getStats
FN:40,getEntreprises
FN:51,validerEntreprise
FN:62,rejeterEntreprise
FN:72,getUtilisateurs
FN:94,toggleUtilisateur
FN:106,validerOffre
FN:117,getOffresEnAttente
FN:128,getSuperviseurs
FN:138,creerSuperviseur
FN:164,modifierSuperviseur
FN:183,supprimerSuperviseur
FN:192,getSupervisions
FN:210,assignerSupervision
FN:230,supprimerSupervision
FN:241,getEtudiantsSansSupervision
FN:269,getStatsAvancees
FN:367,(anonymous_18)
FN:368,(anonymous_19)
FN:370,(anonymous_20)
FN:371,(anonymous_21)
FN:372,(anonymous_22)
FN:373,(anonymous_23)
FN:374,(anonymous_24)
FN:375,(anonymous_25)
FN:376,(anonymous_26)
FNF:26
FNH:5
FNDA:2,getStats
FNDA:1,getEntreprises
FNDA:3,validerEntreprise
FNDA:0,rejeterEntreprise
FNDA:0,getUtilisateurs
FNDA:2,toggleUtilisateur
FNDA:0,validerOffre
FNDA:0,getOffresEnAttente
FNDA:1,getSuperviseurs
FNDA:0,creerSuperviseur
FNDA:0,modifierSuperviseur
FNDA:0,supprimerSuperviseur
FNDA:0,getSupervisions
FNDA:0,assignerSupervision
FNDA:0,supprimerSupervision
FNDA:0,getEtudiantsSansSupervision
FNDA:0,getStatsAvancees
FNDA:0,(anonymous_18)
FNDA:0,(anonymous_19)
FNDA:0,(anonymous_20)
FNDA:0,(anonymous_21)
FNDA:0,(anonymous_22)
FNDA:0,(anonymous_23)
FNDA:0,(anonymous_24)
FNDA:0,(anonymous_25)
FNDA:0,(anonymous_26)
DA:1,4
DA:2,4
DA:4,4
DA:14,2
DA:25,2
DA:40,4
DA:41,1
DA:51,4
DA:52,3
DA:53,3
DA:54,2
DA:56,1
DA:62,4
DA:63,0
DA:64,0
DA:66,0
DA:72,4
DA:73,0
DA:74,0
DA:91,0
DA:94,4
DA:95,2
DA:97,1
DA:98,1
DA:100,1
DA:106,4
DA:107,0
DA:108,0
DA:109,0
DA:111,0
DA:117,4
DA:118,0
DA:128,4
DA:129,1
DA:138,4
DA:139,0
DA:140,0
DA:142,0
DA:143,0
DA:145,0
DA:146,0
DA:164,4
DA:165,0
DA:166,0
DA:167,0
DA:168,0
DA:169,0
DA:171,0
DA:183,4
DA:184,0
DA:185,0
DA:186,0
DA:187,0
DA:192,4
DA:193,0
DA:210,4
DA:211,0
DA:212,0
DA:213,0
DA:214,0
DA:216,0
DA:219,0
DA:221,0
DA:230,4
DA:231,0
DA:234,0
DA:235,0
DA:238,0
DA:241,4
DA:242,0
DA:269,4
DA:270,0
DA:271,0
DA:272,0
DA:275,0
DA:276,0
DA:277,0
DA:278,0
DA:280,0
DA:281,0
DA:282,0
DA:285,0
DA:295,0
DA:302,0
DA:309,0
DA:318,0
DA:332,0
DA:339,0
DA:347,0
DA:354,0
DA:364,0
DA:367,0
DA:368,0
DA:370,0
DA:371,0
DA:372,0
DA:373,0
DA:374,0
DA:375,0
DA:376,0
LF:100
LH:31
BRDA:34,0,0,2
BRDA:34,0,1,0
BRDA:53,1,0,1
BRDA:54,2,0,1
BRDA:64,3,0,0
BRDA:72,4,0,0
BRDA:72,5,0,0
BRDA:95,6,0,1
BRDA:98,7,0,0
BRDA:108,8,0,0
BRDA:109,9,0,0
BRDA:139,10,0,0
BRDA:139,11,0,0
BRDA:139,11,1,0
BRDA:140,12,0,0
BRDA:140,13,0,0
BRDA:140,13,1,0
BRDA:143,14,0,0
BRDA:155,15,0,0
BRDA:155,15,1,0
BRDA:156,16,0,0
BRDA:156,16,1,0
BRDA:166,17,0,0
BRDA:167,18,0,0
BRDA:169,19,0,0
BRDA:176,20,0,0
BRDA:176,20,1,0
BRDA:177,21,0,0
BRDA:177,21,1,0
BRDA:178,22,0,0
BRDA:178,22,1,0
BRDA:185,23,0,0
BRDA:212,24,0,0
BRDA:214,25,0,0
BRDA:219,26,0,0
BRDA:234,27,0,0
BRDA:269,28,0,0
BRDA:270,29,0,0
BRDA:270,29,1,0
BRDA:276,30,0,0
BRDA:277,31,0,0
BRDA:278,32,0,0
BRDA:281,33,0,0
BRDA:282,34,0,0
BRDA:298,35,0,0
BRDA:298,35,1,0
BRDA:305,36,0,0
BRDA:305,36,1,0
BRDA:350,37,0,0
BRDA:350,37,1,0
BRDA:386,38,0,0
BRDA:386,38,1,0
BRDA:387,39,0,0
BRDA:387,39,1,0
BRDA:388,40,0,0
BRDA:388,40,1,0
BRF:56
BRH:4
end_of_record
TN:
SF:src/services/auth.service.ts
FN:16,msFromExpires
FN:24,makeTokens
FN:31,register
FN:99,(anonymous_4)
FN:103,login
FN:123,refreshToken
FN:141,logout
FNF:7
FNH:0
FNDA:0,msFromExpires
FNDA:0,makeTokens
FNDA:0,register
FNDA:0,(anonymous_4)
FNDA:0,login
FNDA:0,refreshToken
FNDA:0,logout
DA:1,4
DA:2,4
DA:3,4
DA:4,4
DA:5,4
DA:7,4
DA:9,4
DA:10,0
DA:12,4
DA:13,4
DA:14,4
DA:17,0
DA:18,0
DA:19,0
DA:20,0
DA:21,0
DA:25,0
DA:26,0
DA:27,0
DA:28,0
DA:31,4
DA:32,0
DA:35,0
DA:36,0
DA:39,0
DA:40,0
DA:42,0
DA:44,0
DA:45,0
DA:48,0
DA:49,0
DA:81,0
DA:82,0
DA:83,0
DA:85,0
DA:88,0
DA:89,0
DA:97,0
DA:98,0
DA:99,0
DA:100,0
DA:103,4
DA:104,0
DA:105,0
DA:106,0
DA:108,0
DA:109,0
DA:111,0
DA:112,0
DA:120,0
DA:123,4
DA:124,0
DA:125,0
DA:126,0
DA:127,0
DA:129,0
DA:130,0
DA:131,0
DA:132,0
DA:133,0
DA:134,0
DA:135,0
DA:137,0
DA:141,4
DA:142,0
LF:65
LH:14
BRDA:9,0,0,0
BRDA:13,1,0,4
BRDA:13,1,1,0
BRDA:14,2,0,4
BRDA:14,2,1,0
BRDA:18,3,0,0
BRDA:21,4,0,0
BRDA:21,4,1,0
BRDA:35,5,0,0
BRDA:35,6,0,0
BRDA:35,6,1,0
BRDA:39,7,0,0
BRDA:39,8,0,0
BRDA:39,8,1,0
BRDA:39,8,2,0
BRDA:42,9,0,0
BRDA:45,10,0,0
BRDA:45,10,1,0
BRDA:54,11,0,0
BRDA:54,11,1,0
BRDA:54,11,2,0
BRDA:57,12,0,0
BRDA:57,12,1,0
BRDA:58,13,0,0
BRDA:58,13,1,0
BRDA:60,14,0,0
BRDA:60,14,1,0
BRDA:61,15,0,0
BRDA:61,15,1,0
BRDA:62,16,0,0
BRDA:62,16,1,0
BRDA:63,17,0,0
BRDA:63,17,1,0
BRDA:64,18,0,0
BRDA:64,18,1,0
BRDA:68,19,0,0
BRDA:68,19,1,0
BRDA:71,20,0,0
BRDA:71,20,1,0
BRDA:72,21,0,0
BRDA:72,21,1,0
BRDA:73,22,0,0
BRDA:73,22,1,0
BRDA:74,23,0,0
BRDA:74,23,1,0
BRDA:81,24,0,0
BRDA:82,25,0,0
BRDA:82,25,1,0
BRDA:105,26,0,0
BRDA:106,27,0,0
BRDA:109,28,0,0
BRDA:125,29,0,0
BRDA:125,30,0,0
BRDA:125,30,1,0
BRDA:126,31,0,0
BRDA:132,32,0,0
BRF:56
BRH:2
end_of_record
TN:
SF:src/services/candidatures.service.ts
FN:5,postuler
FN:44,getMesCandidatures
FN:61,getCandidaturesOffre
FN:90,changerStatut
FN:142,retirerCandidature
FN:151,getAllCandidaturesEntreprise
FN:186,getProfilCandidat
FNF:7
FNH:0
FNDA:0,postuler
FNDA:0,getMesCandidatures
FNDA:0,getCandidaturesOffre
FNDA:0,changerStatut
FNDA:0,retirerCandidature
FNDA:0,getAllCandidaturesEntreprise
FNDA:0,getProfilCandidat
DA:1,4
DA:3,4
DA:5,4
DA:6,0
DA:7,0
DA:9,0
DA:10,0
DA:11,0
DA:13,0
DA:16,0
DA:19,0
DA:20,0
DA:21,0
DA:25,0
DA:29,0
DA:44,4
DA:45,0
DA:61,4
DA:62,0
DA:63,0
DA:64,0
DA:66,0
DA:90,4
DA:91,0
DA:95,0
DA:96,0
DA:98,0
DA:100,0
DA:108,0
DA:119,0
DA:126,0
DA:127,0
DA:139,0
DA:142,4
DA:143,0
DA:144,0
DA:145,0
DA:146,0
DA:148,0
DA:149,0
DA:151,4
DA:152,0
DA:186,4
DA:187,0
DA:199,0
DA:200,0
DA:202,0
LF:47
LH:9
BRDA:7,0,0,0
BRDA:10,1,0,0
BRDA:11,2,0,0
BRDA:16,3,0,0
BRDA:19,4,0,0
BRDA:21,5,0,0
BRDA:21,5,1,0
BRDA:34,6,0,0
BRDA:34,6,1,0
BRDA:34,6,2,0
BRDA:35,7,0,0
BRDA:35,7,1,0
BRDA:63,8,0,0
BRDA:64,9,0,0
BRDA:95,10,0,0
BRDA:96,11,0,0
BRDA:126,12,0,0
BRDA:144,13,0,0
BRDA:145,14,0,0
BRDA:146,15,0,0
BRDA:199,16,0,0
BRDA:200,17,0,0
BRF:22
BRH:0
end_of_record
TN:
SF:src/services/competences.service.ts
FN:3,getAllCompetences
FN:9,createCompetence
FN:21,getMesCompetences
FN:29,ajouterCompetence
FN:61,modifierNiveau
FN:75,supprimerCompetence
FNF:6
FNH:0
FNDA:0,getAllCompetences
FNDA:0,createCompetence
FNDA:0,getMesCompetences
FNDA:0,ajouterCompetence
FNDA:0,modifierNiveau
FNDA:0,supprimerCompetence
DA:1,4
DA:3,4
DA:4,0
DA:9,4
DA:10,0
DA:11,0
DA:12,0
DA:21,4
DA:22,0
DA:29,4
DA:30,0
DA:32,0
DA:36,0
DA:37,0
DA:46,0
DA:49,0
DA:51,0
DA:61,4
DA:62,0
DA:63,0
DA:66,0
DA:68,0
DA:75,4
DA:76,0
DA:79,0
DA:80,0
DA:83,0
LF:27
LH:7
BRDA:11,0,0,0
BRDA:16,1,0,0
BRDA:16,1,1,0
BRDA:30,2,0,0
BRDA:36,3,0,0
BRDA:40,4,0,0
BRDA:40,4,1,0
BRDA:41,5,0,0
BRDA:41,5,1,0
BRDA:49,6,0,0
BRDA:55,7,0,0
BRDA:55,7,1,0
BRDA:62,8,0,0
BRDA:66,9,0,0
BRDA:79,10,0,0
BRF:15
BRH:0
end_of_record
TN:
SF:src/services/email.service.ts
FN:13,envoyerEmailVerification
FNF:1
FNH:0
FNDA:0,envoyerEmailVerification
DA:1,4
DA:3,4
DA:13,4
DA:18,0
DA:19,0
LF:5
LH:3
BRDA:4,0,0,4
BRDA:4,0,1,0
BRDA:5,1,0,4
BRDA:5,1,1,0
BRF:4
BRH:2
end_of_record
TN:
SF:src/services/messagerie.service.ts
FN:5,getOuCreerConversation
FN:34,getMesConversations
FN:64,getMessages
FN:86,envoyerMessage
FN:108,getNombreMsgNonLus
FNF:5
FNH:0
FNDA:0,getOuCreerConversation
FNDA:0,getMesConversations
FNDA:0,getMessages
FNDA:0,envoyerMessage
FNDA:0,getNombreMsgNonLus
DA:1,4
DA:3,4
DA:5,4
DA:6,0
DA:18,0
DA:19,0
DA:31,0
DA:34,4
DA:36,0
DA:37,0
DA:49,0
DA:61,0
DA:64,4
DA:65,0
DA:68,0
DA:69,0
DA:70,0
DA:74,0
DA:79,0
DA:86,4
DA:87,0
DA:90,0
DA:91,0
DA:92,0
DA:95,0
DA:100,0
DA:105,0
DA:108,4
DA:109,0
DA:118,0
LF:30
LH:7
BRDA:18,0,0,0
BRDA:36,1,0,0
BRDA:36,1,1,0
BRDA:68,2,0,0
BRDA:69,3,0,0
BRDA:69,4,0,0
BRDA:69,4,1,0
BRDA:90,5,0,0
BRDA:91,6,0,0
BRDA:91,7,0,0
BRDA:91,7,1,0
BRF:11
BRH:0
end_of_record
TN:
SF:src/services/notifications.service.ts
FN:3,getNotifications
FN:17,getNombreNonLues
FN:23,marquerCommeLue
FN:34,marquerToutesCommeLues
FN:41,creerNotification
FNF:5
FNH:0
FNDA:0,getNotifications
FNDA:0,getNombreNonLues
FNDA:0,marquerCommeLue
FNDA:0,marquerToutesCommeLues
FNDA:0,creerNotification
DA:1,4
DA:3,4
DA:4,0
DA:5,0
DA:14,0
DA:17,4
DA:18,0
DA:23,4
DA:24,0
DA:25,0
DA:26,0
DA:28,0
DA:34,4
DA:35,0
DA:41,4
DA:48,0
LF:16
LH:6
BRDA:3,0,0,0
BRDA:3,1,0,0
BRDA:25,2,0,0
BRDA:26,3,0,0
BRF:4
BRH:0
end_of_record
TN:
SF:src/services/offres.service.ts
FN:3,getOffres
FN:30,getOffreById
FN:42,createOffre
FN:67,(anonymous_3)
FN:83,updateOffre
FN:110,(anonymous_5)
FN:127,deleteOffre
FN:135,validerOffre
FN:144,getMesOffres
FN:154,soumettreOffre
FNF:10
FNH:3
FNDA:4,getOffres
FNDA:2,getOffreById
FNDA:1,createOffre
FNDA:0,(anonymous_3)
FNDA:0,updateOffre
FNDA:0,(anonymous_5)
FNDA:0,deleteOffre
FNDA:0,validerOffre
FNDA:0,getMesOffres
FNDA:0,soumettreOffre
DA:1,4
DA:3,4
DA:4,4
DA:5,4
DA:6,4
DA:7,4
DA:8,4
DA:9,0
DA:15,4
DA:26,4
DA:27,4
DA:30,4
DA:31,2
DA:38,2
DA:39,1
DA:42,4
DA:43,1
DA:44,1
DA:45,1
DA:47,1
DA:65,1
DA:66,0
DA:67,0
DA:77,1
DA:83,4
DA:84,0
DA:85,0
DA:86,0
DA:87,0
DA:89,0
DA:106,0
DA:107,0
DA:108,0
DA:109,0
DA:110,0
DA:121,0
DA:127,4
DA:128,0
DA:129,0
DA:130,0
DA:131,0
DA:132,0
DA:135,4
DA:136,0
DA:137,0
DA:138,0
DA:144,4
DA:145,0
DA:154,4
DA:155,0
DA:156,0
DA:157,0
DA:158,0
DA:160,0
LF:54
LH:26
BRDA:5,0,0,1
BRDA:6,1,0,0
BRDA:7,2,0,0
BRDA:8,3,0,0
BRDA:22,4,0,1
BRDA:22,4,1,3
BRDA:27,5,0,4
BRDA:27,5,1,3
BRDA:38,6,0,1
BRDA:44,7,0,0
BRDA:45,8,0,0
BRDA:53,9,0,1
BRDA:53,9,1,1
BRDA:55,10,0,1
BRDA:55,10,1,1
BRDA:56,11,0,1
BRDA:56,11,1,1
BRDA:60,12,0,1
BRDA:60,12,1,1
BRDA:65,13,0,0
BRDA:65,14,0,1
BRDA:65,14,1,0
BRDA:70,15,0,0
BRDA:70,15,1,0
BRDA:71,16,0,0
BRDA:71,16,1,0
BRDA:85,17,0,0
BRDA:86,18,0,0
BRDA:87,19,0,0
BRDA:102,20,0,0
BRDA:102,20,1,0
BRDA:106,21,0,0
BRDA:108,22,0,0
BRDA:113,23,0,0
BRDA:113,23,1,0
BRDA:114,24,0,0
BRDA:114,24,1,0
BRDA:129,25,0,0
BRDA:130,26,0,0
BRDA:137,27,0,0
BRDA:156,28,0,0
BRDA:157,29,0,0
BRDA:158,30,0,0
BRF:43
BRH:15
end_of_record
TN:
SF:src/services/profil.service.ts
FN:30,getProfilEtudiant
FN:42,updateProfilEtudiant
FN:76,getProfilEntreprise
FN:87,updateProfilEntreprise
FNF:4
FNH:0
FNDA:0,getProfilEtudiant
FNDA:0,updateProfilEtudiant
FNDA:0,getProfilEntreprise
FNDA:0,updateProfilEntreprise
DA:1,4
DA:2,4
DA:4,4
DA:18,4
DA:30,4
DA:31,0
DA:38,0
DA:39,0
DA:42,4
DA:43,0
DA:44,0
DA:45,0
DA:46,0
DA:49,0
DA:51,0
DA:53,0
DA:54,0
DA:56,0
DA:76,4
DA:77,0
DA:83,0
DA:84,0
DA:87,4
DA:88,0
DA:89,0
DA:90,0
DA:91,0
DA:94,0
DA:96,0
DA:98,0
DA:99,0
DA:101,0
LF:32
LH:8
BRDA:38,0,0,0
BRDA:44,1,0,0
BRDA:46,2,0,0
BRDA:46,2,1,0
BRDA:54,3,0,0
BRDA:59,4,0,0
BRDA:59,4,1,0
BRDA:60,5,0,0
BRDA:60,5,1,0
BRDA:61,6,0,0
BRDA:61,6,1,0
BRDA:62,7,0,0
BRDA:62,7,1,0
BRDA:63,8,0,0
BRDA:63,8,1,0
BRDA:64,9,0,0
BRDA:64,9,1,0
BRDA:65,10,0,0
BRDA:65,10,1,0
BRDA:66,11,0,0
BRDA:66,11,1,0
BRDA:67,12,0,0
BRDA:67,12,1,0
BRDA:68,13,0,0
BRDA:68,13,1,0
BRDA:69,14,0,0
BRDA:69,14,1,0
BRDA:71,15,0,0
BRDA:71,15,1,0
BRDA:83,16,0,0
BRDA:89,17,0,0
BRDA:91,18,0,0
BRDA:91,18,1,0
BRDA:99,19,0,0
BRDA:104,20,0,0
BRDA:104,20,1,0
BRDA:105,21,0,0
BRDA:105,21,1,0
BRDA:106,22,0,0
BRDA:106,22,1,0
BRDA:107,23,0,0
BRDA:107,23,1,0
BRDA:108,24,0,0
BRDA:108,24,1,0
BRDA:109,25,0,0
BRDA:109,25,1,0
BRDA:110,26,0,0
BRDA:110,26,1,0
BRDA:111,27,0,0
BRDA:111,27,1,0
BRDA:112,28,0,0
BRDA:112,28,1,0
BRF:52
BRH:0
end_of_record
TN:
SF:src/services/statutProfessionnel.service.ts
FN:3,getMesStatuts
FN:10,declarer
FN:32,modifier
FN:55,supprimer
FN:63,getStatutsParEtudiant
FN:72,validerStatut
FNF:6
FNH:0
FNDA:0,getMesStatuts
FNDA:0,declarer
FNDA:0,modifier
FNDA:0,supprimer
FNDA:0,getStatutsParEtudiant
FNDA:0,validerStatut
DA:1,4
DA:3,4
DA:4,0
DA:10,4
DA:11,0
DA:12,0
DA:14,0
DA:32,4
DA:33,0
DA:34,0
DA:35,0
DA:37,0
DA:55,4
DA:56,0
DA:57,0
DA:58,0
DA:59,0
DA:60,0
DA:63,4
DA:64,0
DA:65,0
DA:66,0
DA:72,4
DA:73,0
DA:74,0
DA:75,0
LF:26
LH:7
BRDA:11,0,0,0
BRDA:12,1,0,0
BRDA:18,2,0,0
BRDA:18,2,1,0
BRDA:19,3,0,0
BRDA:19,3,1,0
BRDA:20,4,0,0
BRDA:20,4,1,0
BRDA:21,5,0,0
BRDA:21,5,1,0
BRDA:23,6,0,0
BRDA:23,6,1,0
BRDA:24,7,0,0
BRDA:24,7,1,0
BRDA:25,8,0,0
BRDA:25,8,1,0
BRDA:26,9,0,0
BRDA:26,9,1,0
BRDA:27,10,0,0
BRDA:27,10,1,0
BRDA:34,11,0,0
BRDA:35,12,0,0
BRDA:41,13,0,0
BRDA:41,13,1,0
BRDA:42,14,0,0
BRDA:42,14,1,0
BRDA:43,15,0,0
BRDA:43,15,1,0
BRDA:44,16,0,0
BRDA:44,16,1,0
BRDA:45,17,0,0
BRDA:45,17,1,0
BRDA:46,18,0,0
BRDA:46,18,1,0
BRDA:47,19,0,0
BRDA:47,19,1,0
BRDA:48,20,0,0
BRDA:48,20,1,0
BRDA:49,21,0,0
BRDA:49,21,1,0
BRDA:50,22,0,0
BRDA:50,22,1,0
BRDA:57,23,0,0
BRDA:58,24,0,0
BRDA:65,25,0,0
BRDA:74,26,0,0
BRF:46
BRH:0
end_of_record
TN:
SF:src/services/superviseur.service.ts
FN:9,getProfilSuperviseur
FN:35,getMesEtudiants
FN:56,getDetailEtudiant
FN:80,ajouterCommentaire
FN:101,updateProfilSuperviseur
FN:115,getStatsSuperviseur
FN:160,(anonymous_6)
FN:218,getTousEtudiants
FN:235,creerSupervision
FNF:9
FNH:0
FNDA:0,getProfilSuperviseur
FNDA:0,getMesEtudiants
FNDA:0,getDetailEtudiant
FNDA:0,ajouterCommentaire
FNDA:0,updateProfilSuperviseur
FNDA:0,getStatsSuperviseur
FNDA:0,(anonymous_6)
FNDA:0,getTousEtudiants
FNDA:0,creerSupervision
DA:1,4
DA:2,4
DA:4,4
DA:9,4
DA:10,0
DA:31,0
DA:32,0
DA:35,4
DA:36,0
DA:56,4
DA:57,0
DA:59,0
DA:64,0
DA:80,4
DA:85,0
DA:86,0
DA:87,0
DA:90,0
DA:93,0
DA:95,0
DA:101,4
DA:102,0
DA:103,0
DA:104,0
DA:115,4
DA:124,0
DA:147,0
DA:154,0
DA:155,0
DA:156,0
DA:159,0
DA:160,0
DA:161,0
DA:162,0
DA:163,0
DA:165,0
DA:173,0
DA:174,0
DA:175,0
DA:176,0
DA:177,0
DA:179,0
DA:180,0
DA:185,0
DA:190,0
DA:194,0
DA:218,4
DA:219,0
DA:235,4
DA:236,0
DA:237,0
DA:238,0
DA:241,0
DA:242,0
LF:54
LH:11
BRDA:31,0,0,0
BRDA:57,1,0,0
BRDA:86,2,0,0
BRDA:93,3,0,0
BRDA:103,4,0,0
BRDA:109,5,0,0
BRDA:109,5,1,0
BRDA:110,6,0,0
BRDA:110,6,1,0
BRDA:155,7,0,0
BRDA:155,7,1,0
BRDA:156,8,0,0
BRDA:176,9,0,0
BRDA:177,10,0,0
BRDA:179,11,0,0
BRDA:179,11,1,0
BRDA:180,12,0,0
BRDA:185,13,0,0
BRDA:185,13,1,0
BRDA:186,14,0,0
BRDA:186,14,1,0
BRDA:187,15,0,0
BRDA:187,15,1,0
BRDA:190,16,0,0
BRDA:190,16,1,0
BRDA:191,17,0,0
BRDA:191,17,1,0
BRDA:192,18,0,0
BRDA:192,18,1,0
BRDA:202,19,0,0
BRDA:202,19,1,0
BRDA:211,20,0,0
BRDA:211,20,1,0
BRDA:237,21,0,0
BRDA:241,22,0,0
BRF:35
BRH:0
end_of_record
TN:
SF:src/types/multer-storage-cloudinary.d.ts
FNF:0
FNH:0
LF:0
LH:0
BRF:0
BRH:0
end_of_record
